2017-12-23 17:41:55.807 INFO  --- [main] org.springframework.context.annotation.AnnotationConfigApplicationContext Line:583 - Refreshing org.springframework.context.annotation.AnnotationConfigApplicationContext@78c7f9b3: startup date [Sat Dec 23 17:41:55 GMT+08:00 2017]; root of context hierarchy
2017-12-23 17:41:55.999 INFO  --- [background-preinit] org.hibernate.validator.internal.util.Version Line:30  - HV000001: Hibernate Validator 5.3.6.Final
2017-12-23 17:41:56.361 INFO  --- [main] org.springframework.beans.factory.annotation.AutowiredAnnotationBeanPostProcessor Line:155 - JSR-330 'javax.inject.Inject' annotation found and supported for autowiring
2017-12-23 17:41:56.523 INFO  --- [main] org.springframework.context.support.PostProcessorRegistrationDelegate$BeanPostProcessorChecker Line:327 - Bean 'configurationPropertiesRebinderAutoConfiguration' of type [org.springframework.cloud.autoconfigure.ConfigurationPropertiesRebinderAutoConfiguration$$EnhancerBySpringCGLIB$$1986c70] is not eligible for getting processed by all BeanPostProcessors (for example: not eligible for auto-proxying)
2017-12-23 17:41:57.907 INFO  --- [main] org.springframework.cloud.config.client.ConfigServicePropertySourceLocator Line:82  - Fetching config from server at: http://localhost:8888
2017-12-23 17:41:59.079 INFO  --- [main] com.springboot.caoqing.CaoqingApplication Line:593 - No active profile set, falling back to default profiles: default
2017-12-23 17:41:59.131 INFO  --- [main] org.springframework.boot.context.embedded.AnnotationConfigEmbeddedWebApplicationContext Line:583 - Refreshing org.springframework.boot.context.embedded.AnnotationConfigEmbeddedWebApplicationContext@12c0c0b3: startup date [Sat Dec 23 17:41:59 GMT+08:00 2017]; parent: org.springframework.context.annotation.AnnotationConfigApplicationContext@78c7f9b3
2017-12-23 17:42:05.804 INFO  --- [main] org.springframework.data.repository.config.RepositoryConfigurationDelegate Line:165 - Multiple Spring Data modules found, entering strict repository configuration mode!
2017-12-23 17:42:08.004 INFO  --- [main] org.springframework.cloud.context.scope.GenericScope Line:287 - BeanFactory id=f02eb989-4d6c-333d-97ca-37ccd145679f
2017-12-23 17:42:08.096 INFO  --- [main] org.springframework.beans.factory.annotation.AutowiredAnnotationBeanPostProcessor Line:155 - JSR-330 'javax.inject.Inject' annotation found and supported for autowiring
2017-12-23 17:42:08.276 INFO  --- [main] org.springframework.context.support.PostProcessorRegistrationDelegate$BeanPostProcessorChecker Line:327 - Bean 'org.springframework.amqp.rabbit.annotation.RabbitBootstrapConfiguration' of type [org.springframework.amqp.rabbit.annotation.RabbitBootstrapConfiguration$$EnhancerBySpringCGLIB$$abea27a1] is not eligible for getting processed by all BeanPostProcessors (for example: not eligible for auto-proxying)
2017-12-23 17:42:08.460 INFO  --- [main] org.springframework.context.support.PostProcessorRegistrationDelegate$BeanPostProcessorChecker Line:327 - Bean 'org.springframework.cloud.netflix.metrics.MetricsInterceptorConfiguration$MetricsRestTemplateConfiguration' of type [org.springframework.cloud.netflix.metrics.MetricsInterceptorConfiguration$MetricsRestTemplateConfiguration$$EnhancerBySpringCGLIB$$17ab0fb4] is not eligible for getting processed by all BeanPostProcessors (for example: not eligible for auto-proxying)
2017-12-23 17:42:08.510 INFO  --- [main] org.springframework.context.support.PostProcessorRegistrationDelegate$BeanPostProcessorChecker Line:327 - Bean 'org.springframework.transaction.annotation.ProxyTransactionManagementConfiguration' of type [org.springframework.transaction.annotation.ProxyTransactionManagementConfiguration$$EnhancerBySpringCGLIB$$e57e6973] is not eligible for getting processed by all BeanPostProcessors (for example: not eligible for auto-proxying)
2017-12-23 17:42:08.669 INFO  --- [main] org.springframework.context.support.PostProcessorRegistrationDelegate$BeanPostProcessorChecker Line:327 - Bean 'org.springframework.cloud.autoconfigure.ConfigurationPropertiesRebinderAutoConfiguration' of type [org.springframework.cloud.autoconfigure.ConfigurationPropertiesRebinderAutoConfiguration$$EnhancerBySpringCGLIB$$1986c70] is not eligible for getting processed by all BeanPostProcessors (for example: not eligible for auto-proxying)
2017-12-23 17:42:09.499 INFO  --- [main] org.springframework.boot.context.embedded.tomcat.TomcatEmbeddedServletContainer Line:89  - Tomcat initialized with port(s): 8080 (http)
2017-12-23 17:42:09.517 INFO  --- [main] org.apache.catalina.core.StandardService Line:179 - Starting service [Tomcat]
2017-12-23 17:42:09.521 INFO  --- [main] org.apache.catalina.core.StandardEngine Line:179 - Starting Servlet Engine: Apache Tomcat/8.5.23
2017-12-23 17:42:09.658 INFO  --- [localhost-startStop-1] org.apache.catalina.core.ContainerBase.[Tomcat].[localhost].[/] Line:179 - Initializing Spring embedded WebApplicationContext
2017-12-23 17:42:09.665 INFO  --- [localhost-startStop-1] org.springframework.web.context.ContextLoader Line:276 - Root WebApplicationContext: initialization completed in 10534 ms
2017-12-23 17:42:13.065 INFO  --- [localhost-startStop-1] org.springframework.boot.web.servlet.FilterRegistrationBean Line:258 - Mapping filter: 'metricsFilter' to: [/*]
2017-12-23 17:42:13.068 INFO  --- [localhost-startStop-1] org.springframework.boot.web.servlet.FilterRegistrationBean Line:258 - Mapping filter: 'characterEncodingFilter' to: [/*]
2017-12-23 17:42:13.070 INFO  --- [localhost-startStop-1] org.springframework.boot.web.servlet.FilterRegistrationBean Line:258 - Mapping filter: 'hiddenHttpMethodFilter' to: [/*]
2017-12-23 17:42:13.073 INFO  --- [localhost-startStop-1] org.springframework.boot.web.servlet.FilterRegistrationBean Line:258 - Mapping filter: 'httpPutFormContentFilter' to: [/*]
2017-12-23 17:42:13.075 INFO  --- [localhost-startStop-1] org.springframework.boot.web.servlet.FilterRegistrationBean Line:258 - Mapping filter: 'requestContextFilter' to: [/*]
2017-12-23 17:42:13.078 INFO  --- [localhost-startStop-1] org.springframework.boot.web.servlet.FilterRegistrationBean Line:258 - Mapping filter: 'webRequestTraceFilter' to: [/*]
2017-12-23 17:42:13.080 INFO  --- [localhost-startStop-1] org.springframework.boot.web.servlet.FilterRegistrationBean Line:271 - Mapping filter: 'webStatFilter' to urls: [/*]
2017-12-23 17:42:13.083 INFO  --- [localhost-startStop-1] org.springframework.boot.web.servlet.FilterRegistrationBean Line:271 - Mapping filter: 'servletContainer' to urls: [/eureka/*]
2017-12-23 17:42:13.085 INFO  --- [localhost-startStop-1] org.springframework.boot.web.servlet.FilterRegistrationBean Line:258 - Mapping filter: 'applicationContextIdFilter' to: [/*]
2017-12-23 17:42:13.088 INFO  --- [localhost-startStop-1] org.springframework.boot.web.servlet.ServletRegistrationBean Line:190 - Mapping servlet: 'dispatcherServlet' to [/]
2017-12-23 17:42:13.092 INFO  --- [localhost-startStop-1] org.springframework.boot.web.servlet.ServletRegistrationBean Line:190 - Mapping servlet: 'statViewServlet' to [/druid/*]
2017-12-23 17:42:13.224 INFO  --- [localhost-startStop-1] com.sun.jersey.server.impl.application.WebApplicationImpl Line:815 - Initiating Jersey application, version 'Jersey: 1.19.1 03/11/2016 02:08 PM'
2017-12-23 17:42:13.336 INFO  --- [localhost-startStop-1] com.netflix.discovery.provider.DiscoveryJerseyProvider Line:70  - Using JSON encoding codec LegacyJacksonJson
2017-12-23 17:42:13.340 INFO  --- [localhost-startStop-1] com.netflix.discovery.provider.DiscoveryJerseyProvider Line:71  - Using JSON decoding codec LegacyJacksonJson
2017-12-23 17:42:13.470 INFO  --- [localhost-startStop-1] com.netflix.discovery.provider.DiscoveryJerseyProvider Line:80  - Using XML encoding codec XStreamXml
2017-12-23 17:42:13.473 INFO  --- [localhost-startStop-1] com.netflix.discovery.provider.DiscoveryJerseyProvider Line:81  - Using XML decoding codec XStreamXml
2017-12-23 17:42:15.745 INFO  --- [main] com.springboot.caoqing.redis.RedisConfig Line:35  - JedisConnectionFactory bean init success.  kunfindsoft
2017-12-23 17:42:17.917 INFO  --- [main] com.netflix.config.sources.URLConfigurationSource Line:122 - To enable URLs as dynamic configuration sources, define System property archaius.configurationSource.additionalUrls or make config.properties available on classpath.
2017-12-23 17:42:17.930 INFO  --- [main] com.netflix.config.sources.URLConfigurationSource Line:122 - To enable URLs as dynamic configuration sources, define System property archaius.configurationSource.additionalUrls or make config.properties available on classpath.
2017-12-23 17:42:19.343 INFO  --- [main] org.springframework.web.servlet.mvc.method.annotation.RequestMappingHandlerAdapter Line:534 - Looking for @ControllerAdvice: org.springframework.boot.context.embedded.AnnotationConfigEmbeddedWebApplicationContext@12c0c0b3: startup date [Sat Dec 23 17:41:59 GMT+08:00 2017]; parent: org.springframework.context.annotation.AnnotationConfigApplicationContext@78c7f9b3
2017-12-23 17:42:19.677 INFO  --- [main] org.springframework.web.servlet.mvc.method.annotation.RequestMappingHandlerMapping Line:543 - Mapped "{[/test/findRoles],produces=[application/json;charset=UTF-8]}" onto public java.lang.String com.springboot.caoqing.Controller.findRoles()
2017-12-23 17:42:19.681 INFO  --- [main] org.springframework.web.servlet.mvc.method.annotation.RequestMappingHandlerMapping Line:543 - Mapped "{[/test/testSpringcloud],methods=[GET]}" onto public java.lang.String com.springboot.caoqing.Controller.indexs()
2017-12-23 17:42:19.685 INFO  --- [main] org.springframework.web.servlet.mvc.method.annotation.RequestMappingHandlerMapping Line:543 - Mapped "{[/test/findRolesNameByModuleName],produces=[application/json;charset=UTF-8]}" onto public java.util.List<com.springboot.caoqing.bean.Role> com.springboot.caoqing.Controller.findRolesNameByModuleName(javax.servlet.http.HttpServletRequest)
2017-12-23 17:42:19.688 INFO  --- [main] org.springframework.web.servlet.mvc.method.annotation.RequestMappingHandlerMapping Line:543 - Mapped "{[/test/testRabbidMqkunFind],methods=[GET]}" onto public void com.springboot.caoqing.Controller.testRabbidMqkunFind(javax.servlet.http.HttpServletRequest)
2017-12-23 17:42:19.690 INFO  --- [main] org.springframework.web.servlet.mvc.method.annotation.RequestMappingHandlerMapping Line:543 - Mapped "{[/test/testSendmailMessage],methods=[GET]}" onto public void com.springboot.caoqing.Controller.testSendmailMessage(javax.servlet.http.HttpServletRequest)
2017-12-23 17:42:19.738 INFO  --- [main] org.springframework.web.servlet.mvc.method.annotation.RequestMappingHandlerMapping Line:543 - Mapped "{[/error]}" onto public org.springframework.http.ResponseEntity<java.util.Map<java.lang.String, java.lang.Object>> org.springframework.boot.autoconfigure.web.BasicErrorController.error(javax.servlet.http.HttpServletRequest)
2017-12-23 17:42:19.741 INFO  --- [main] org.springframework.web.servlet.mvc.method.annotation.RequestMappingHandlerMapping Line:543 - Mapped "{[/error],produces=[text/html]}" onto public org.springframework.web.servlet.ModelAndView org.springframework.boot.autoconfigure.web.BasicErrorController.errorHtml(javax.servlet.http.HttpServletRequest,javax.servlet.http.HttpServletResponse)
2017-12-23 17:42:19.775 INFO  --- [main] org.springframework.web.servlet.mvc.method.annotation.RequestMappingHandlerMapping Line:543 - Mapped "{[/],methods=[GET]}" onto public java.lang.String org.springframework.cloud.netflix.eureka.server.EurekaController.status(javax.servlet.http.HttpServletRequest,java.util.Map<java.lang.String, java.lang.Object>)
2017-12-23 17:42:19.779 INFO  --- [main] org.springframework.web.servlet.mvc.method.annotation.RequestMappingHandlerMapping Line:543 - Mapped "{[/lastn],methods=[GET]}" onto public java.lang.String org.springframework.cloud.netflix.eureka.server.EurekaController.lastn(javax.servlet.http.HttpServletRequest,java.util.Map<java.lang.String, java.lang.Object>)
2017-12-23 17:42:21.044 INFO  --- [main] org.springframework.web.servlet.handler.SimpleUrlHandlerMapping Line:362 - Mapped URL path [/webjars/**] onto handler of type [class org.springframework.web.servlet.resource.ResourceHttpRequestHandler]
2017-12-23 17:42:21.047 INFO  --- [main] org.springframework.web.servlet.handler.SimpleUrlHandlerMapping Line:362 - Mapped URL path [/**] onto handler of type [class org.springframework.web.servlet.resource.ResourceHttpRequestHandler]
2017-12-23 17:42:21.334 INFO  --- [main] org.springframework.web.servlet.handler.SimpleUrlHandlerMapping Line:362 - Mapped URL path [/**/favicon.ico] onto handler of type [class org.springframework.web.servlet.resource.ResourceHttpRequestHandler]
2017-12-23 17:42:26.715 INFO  --- [main] org.springframework.boot.actuate.endpoint.mvc.EndpointHandlerMapping Line:543 - Mapped "{[/trace || /trace.json],methods=[GET],produces=[application/vnd.spring-boot.actuator.v1+json || application/json]}" onto public java.lang.Object org.springframework.boot.actuate.endpoint.mvc.EndpointMvcAdapter.invoke()
2017-12-23 17:42:26.721 INFO  --- [main] org.springframework.boot.actuate.endpoint.mvc.EndpointHandlerMapping Line:543 - Mapped "{[/metrics/{name:.*}],methods=[GET],produces=[application/vnd.spring-boot.actuator.v1+json || application/json]}" onto public java.lang.Object org.springframework.boot.actuate.endpoint.mvc.MetricsMvcEndpoint.value(java.lang.String)
2017-12-23 17:42:26.724 INFO  --- [main] org.springframework.boot.actuate.endpoint.mvc.EndpointHandlerMapping Line:543 - Mapped "{[/metrics || /metrics.json],methods=[GET],produces=[application/vnd.spring-boot.actuator.v1+json || application/json]}" onto public java.lang.Object org.springframework.boot.actuate.endpoint.mvc.EndpointMvcAdapter.invoke()
2017-12-23 17:42:26.731 INFO  --- [main] org.springframework.boot.actuate.endpoint.mvc.EndpointHandlerMapping Line:543 - Mapped "{[/autoconfig || /autoconfig.json],methods=[GET],produces=[application/vnd.spring-boot.actuator.v1+json || application/json]}" onto public java.lang.Object org.springframework.boot.actuate.endpoint.mvc.EndpointMvcAdapter.invoke()
2017-12-23 17:42:26.736 INFO  --- [main] org.springframework.boot.actuate.endpoint.mvc.EndpointHandlerMapping Line:543 - Mapped "{[/mappings || /mappings.json],methods=[GET],produces=[application/vnd.spring-boot.actuator.v1+json || application/json]}" onto public java.lang.Object org.springframework.boot.actuate.endpoint.mvc.EndpointMvcAdapter.invoke()
2017-12-23 17:42:26.741 INFO  --- [main] org.springframework.boot.actuate.endpoint.mvc.EndpointHandlerMapping Line:543 - Mapped "{[/info || /info.json],methods=[GET],produces=[application/vnd.spring-boot.actuator.v1+json || application/json]}" onto public java.lang.Object org.springframework.boot.actuate.endpoint.mvc.EndpointMvcAdapter.invoke()
2017-12-23 17:42:26.747 INFO  --- [main] org.springframework.boot.actuate.endpoint.mvc.EndpointHandlerMapping Line:543 - Mapped "{[/health || /health.json],methods=[GET],produces=[application/vnd.spring-boot.actuator.v1+json || application/json]}" onto public java.lang.Object org.springframework.boot.actuate.endpoint.mvc.HealthMvcEndpoint.invoke(javax.servlet.http.HttpServletRequest,java.security.Principal)
2017-12-23 17:42:26.752 INFO  --- [main] org.springframework.boot.actuate.endpoint.mvc.EndpointHandlerMapping Line:543 - Mapped "{[/beans || /beans.json],methods=[GET],produces=[application/vnd.spring-boot.actuator.v1+json || application/json]}" onto public java.lang.Object org.springframework.boot.actuate.endpoint.mvc.EndpointMvcAdapter.invoke()
2017-12-23 17:42:26.759 INFO  --- [main] org.springframework.boot.actuate.endpoint.mvc.EndpointHandlerMapping Line:543 - Mapped "{[/auditevents || /auditevents.json],methods=[GET],produces=[application/vnd.spring-boot.actuator.v1+json || application/json]}" onto public org.springframework.http.ResponseEntity<?> org.springframework.boot.actuate.endpoint.mvc.AuditEventsMvcEndpoint.findByPrincipalAndAfterAndType(java.lang.String,java.util.Date,java.lang.String)
2017-12-23 17:42:26.767 INFO  --- [main] org.springframework.boot.actuate.endpoint.mvc.EndpointHandlerMapping Line:543 - Mapped "{[/loggers/{name:.*}],methods=[GET],produces=[application/vnd.spring-boot.actuator.v1+json || application/json]}" onto public java.lang.Object org.springframework.boot.actuate.endpoint.mvc.LoggersMvcEndpoint.get(java.lang.String)
2017-12-23 17:42:26.770 INFO  --- [main] org.springframework.boot.actuate.endpoint.mvc.EndpointHandlerMapping Line:543 - Mapped "{[/loggers/{name:.*}],methods=[POST],consumes=[application/vnd.spring-boot.actuator.v1+json || application/json],produces=[application/vnd.spring-boot.actuator.v1+json || application/json]}" onto public java.lang.Object org.springframework.boot.actuate.endpoint.mvc.LoggersMvcEndpoint.set(java.lang.String,java.util.Map<java.lang.String, java.lang.String>)
2017-12-23 17:42:26.773 INFO  --- [main] org.springframework.boot.actuate.endpoint.mvc.EndpointHandlerMapping Line:543 - Mapped "{[/loggers || /loggers.json],methods=[GET],produces=[application/vnd.spring-boot.actuator.v1+json || application/json]}" onto public java.lang.Object org.springframework.boot.actuate.endpoint.mvc.EndpointMvcAdapter.invoke()
2017-12-23 17:42:26.779 INFO  --- [main] org.springframework.boot.actuate.endpoint.mvc.EndpointHandlerMapping Line:543 - Mapped "{[/service-registry/instance-status],methods=[GET]}" onto public org.springframework.http.ResponseEntity org.springframework.cloud.client.serviceregistry.endpoint.ServiceRegistryEndpoint.getStatus()
2017-12-23 17:42:26.781 INFO  --- [main] org.springframework.boot.actuate.endpoint.mvc.EndpointHandlerMapping Line:543 - Mapped "{[/service-registry/instance-status],methods=[POST]}" onto public org.springframework.http.ResponseEntity<?> org.springframework.cloud.client.serviceregistry.endpoint.ServiceRegistryEndpoint.setStatus(java.lang.String)
2017-12-23 17:42:26.787 INFO  --- [main] org.springframework.boot.actuate.endpoint.mvc.EndpointHandlerMapping Line:543 - Mapped "{[/configprops || /configprops.json],methods=[GET],produces=[application/vnd.spring-boot.actuator.v1+json || application/json]}" onto public java.lang.Object org.springframework.boot.actuate.endpoint.mvc.EndpointMvcAdapter.invoke()
2017-12-23 17:42:26.794 INFO  --- [main] org.springframework.boot.actuate.endpoint.mvc.EndpointHandlerMapping Line:543 - Mapped "{[/features || /features.json],methods=[GET],produces=[application/vnd.spring-boot.actuator.v1+json || application/json]}" onto public java.lang.Object org.springframework.boot.actuate.endpoint.mvc.EndpointMvcAdapter.invoke()
2017-12-23 17:42:26.800 INFO  --- [main] org.springframework.boot.actuate.endpoint.mvc.EndpointHandlerMapping Line:543 - Mapped "{[/env/{name:.*}],methods=[GET],produces=[application/vnd.spring-boot.actuator.v1+json || application/json]}" onto public java.lang.Object org.springframework.boot.actuate.endpoint.mvc.EnvironmentMvcEndpoint.value(java.lang.String)
2017-12-23 17:42:26.803 INFO  --- [main] org.springframework.boot.actuate.endpoint.mvc.EndpointHandlerMapping Line:543 - Mapped "{[/env || /env.json],methods=[GET],produces=[application/vnd.spring-boot.actuator.v1+json || application/json]}" onto public java.lang.Object org.springframework.boot.actuate.endpoint.mvc.EndpointMvcAdapter.invoke()
2017-12-23 17:42:26.809 INFO  --- [main] org.springframework.boot.actuate.endpoint.mvc.EndpointHandlerMapping Line:543 - Mapped "{[/env],methods=[POST]}" onto public java.lang.Object org.springframework.cloud.context.environment.EnvironmentManagerMvcEndpoint.value(java.util.Map<java.lang.String, java.lang.String>)
2017-12-23 17:42:26.812 INFO  --- [main] org.springframework.boot.actuate.endpoint.mvc.EndpointHandlerMapping Line:543 - Mapped "{[/env/reset],methods=[POST]}" onto public java.util.Map<java.lang.String, java.lang.Object> org.springframework.cloud.context.environment.EnvironmentManagerMvcEndpoint.reset()
2017-12-23 17:42:26.817 INFO  --- [main] org.springframework.boot.actuate.endpoint.mvc.EndpointHandlerMapping Line:543 - Mapped "{[/archaius || /archaius.json],methods=[GET],produces=[application/vnd.spring-boot.actuator.v1+json || application/json]}" onto public java.lang.Object org.springframework.boot.actuate.endpoint.mvc.EndpointMvcAdapter.invoke()
2017-12-23 17:42:26.824 INFO  --- [main] org.springframework.boot.actuate.endpoint.mvc.EndpointHandlerMapping Line:543 - Mapped "{[/heapdump || /heapdump.json],methods=[GET],produces=[application/octet-stream]}" onto public void org.springframework.boot.actuate.endpoint.mvc.HeapdumpMvcEndpoint.invoke(boolean,javax.servlet.http.HttpServletRequest,javax.servlet.http.HttpServletResponse) throws java.io.IOException,javax.servlet.ServletException
2017-12-23 17:42:26.829 INFO  --- [main] org.springframework.boot.actuate.endpoint.mvc.EndpointHandlerMapping Line:543 - Mapped "{[/dump || /dump.json],methods=[GET],produces=[application/vnd.spring-boot.actuator.v1+json || application/json]}" onto public java.lang.Object org.springframework.boot.actuate.endpoint.mvc.EndpointMvcAdapter.invoke()
2017-12-23 17:42:26.836 INFO  --- [main] org.springframework.boot.actuate.endpoint.mvc.EndpointHandlerMapping Line:543 - Mapped "{[/refresh || /refresh.json],methods=[POST]}" onto public java.lang.Object org.springframework.cloud.endpoint.GenericPostableMvcEndpoint.invoke()
2017-12-23 17:42:27.724 INFO  --- [main] org.springframework.ui.freemarker.SpringTemplateLoader Line:61  - SpringTemplateLoader for FreeMarker: using resource loader [org.springframework.boot.context.embedded.AnnotationConfigEmbeddedWebApplicationContext@12c0c0b3: startup date [Sat Dec 23 17:41:59 GMT+08:00 2017]; parent: org.springframework.context.annotation.AnnotationConfigApplicationContext@78c7f9b3] and template loader path [classpath:/templates/]
2017-12-23 17:42:27.728 INFO  --- [main] org.springframework.web.servlet.view.freemarker.FreeMarkerConfigurer Line:127 - ClassTemplateLoader for Spring macros added to FreeMarker configuration
2017-12-23 17:42:29.314 INFO  --- [main] org.springframework.cloud.netflix.eureka.InstanceInfoFactory Line:71  - Setting initial instance status as: STARTING
2017-12-23 17:42:29.360 INFO  --- [main] com.netflix.discovery.DiscoveryClient Line:347 - Initializing Eureka in region us-east-1
2017-12-23 17:42:29.562 INFO  --- [main] com.netflix.discovery.provider.DiscoveryJerseyProvider Line:70  - Using JSON encoding codec LegacyJacksonJson
2017-12-23 17:42:29.565 INFO  --- [main] com.netflix.discovery.provider.DiscoveryJerseyProvider Line:71  - Using JSON decoding codec LegacyJacksonJson
2017-12-23 17:42:29.567 INFO  --- [main] com.netflix.discovery.provider.DiscoveryJerseyProvider Line:80  - Using XML encoding codec XStreamXml
2017-12-23 17:42:29.570 INFO  --- [main] com.netflix.discovery.provider.DiscoveryJerseyProvider Line:81  - Using XML decoding codec XStreamXml
2017-12-23 17:42:29.800 INFO  --- [main] com.netflix.discovery.shared.resolver.aws.ConfigClusterResolver Line:43  - Resolving eureka endpoints via configuration
2017-12-23 17:42:29.925 INFO  --- [main] com.netflix.discovery.DiscoveryClient Line:929 - Disable delta property : false
2017-12-23 17:42:29.929 INFO  --- [main] com.netflix.discovery.DiscoveryClient Line:930 - Single vip registry refresh property : null
2017-12-23 17:42:29.931 INFO  --- [main] com.netflix.discovery.DiscoveryClient Line:931 - Force full registry fetch : false
2017-12-23 17:42:29.934 INFO  --- [main] com.netflix.discovery.DiscoveryClient Line:932 - Application is null : false
2017-12-23 17:42:29.937 INFO  --- [main] com.netflix.discovery.DiscoveryClient Line:933 - Registered Applications size is zero : true
2017-12-23 17:42:29.943 INFO  --- [main] com.netflix.discovery.DiscoveryClient Line:935 - Application version is -1: true
2017-12-23 17:42:29.946 INFO  --- [main] com.netflix.discovery.DiscoveryClient Line:1018 - Getting all instance registry info from the eureka server
2017-12-23 17:42:32.202 INFO  --- [main] com.netflix.discovery.DiscoveryClient Line:1253 - Starting heartbeat executor: renew interval is: 30
2017-12-23 17:42:32.208 INFO  --- [main] com.netflix.discovery.InstanceInfoReplicator Line:59  - InstanceInfoReplicator onDemand update allowed rate per min is 4
2017-12-23 17:42:32.216 INFO  --- [main] com.netflix.discovery.DiscoveryClient Line:434 - Discovery Client initialized at timestamp 1514022152215 with initial instances count: 0
2017-12-23 17:42:32.361 INFO  --- [main] com.netflix.eureka.DefaultEurekaServerContext Line:63  - Initializing ...
2017-12-23 17:42:32.379 INFO  --- [main] com.netflix.eureka.registry.AbstractInstanceRegistry Line:152 - Finished initializing remote region registries. All known remote regions: []
2017-12-23 17:42:32.385 INFO  --- [main] com.netflix.eureka.DefaultEurekaServerContext Line:66  - Initialized
2017-12-23 17:42:33.176 INFO  --- [main] org.springframework.jmx.export.annotation.AnnotationMBeanExporter Line:431 - Registering beans for JMX exposure on startup
2017-12-23 17:42:33.189 INFO  --- [main] org.springframework.jmx.export.annotation.AnnotationMBeanExporter Line:916 - Bean with name 'dataSource' has been autodetected for JMX exposure
2017-12-23 17:42:33.208 INFO  --- [main] org.springframework.jmx.export.annotation.AnnotationMBeanExporter Line:916 - Bean with name 'environmentManager' has been autodetected for JMX exposure
2017-12-23 17:42:33.214 INFO  --- [main] org.springframework.jmx.export.annotation.AnnotationMBeanExporter Line:916 - Bean with name 'rabbitConnectionFactory' has been autodetected for JMX exposure
2017-12-23 17:42:33.224 INFO  --- [main] org.springframework.jmx.export.annotation.AnnotationMBeanExporter Line:916 - Bean with name 'configurationPropertiesRebinder' has been autodetected for JMX exposure
2017-12-23 17:42:33.230 INFO  --- [main] org.springframework.jmx.export.annotation.AnnotationMBeanExporter Line:916 - Bean with name 'refreshEndpoint' has been autodetected for JMX exposure
2017-12-23 17:42:33.235 INFO  --- [main] org.springframework.jmx.export.annotation.AnnotationMBeanExporter Line:916 - Bean with name 'serviceRegistryEndpoint' has been autodetected for JMX exposure
2017-12-23 17:42:33.242 INFO  --- [main] org.springframework.jmx.export.annotation.AnnotationMBeanExporter Line:916 - Bean with name 'refreshScope' has been autodetected for JMX exposure
2017-12-23 17:42:33.250 INFO  --- [main] org.springframework.jmx.export.annotation.AnnotationMBeanExporter Line:678 - Located managed bean 'environmentManager': registering with JMX server as MBean [org.springframework.cloud.context.environment:name=environmentManager,type=EnvironmentManager]
2017-12-23 17:42:33.274 INFO  --- [main] org.springframework.jmx.export.annotation.AnnotationMBeanExporter Line:678 - Located managed bean 'serviceRegistryEndpoint': registering with JMX server as MBean [org.springframework.cloud.client.serviceregistry.endpoint:name=serviceRegistryEndpoint,type=ServiceRegistryEndpoint]
2017-12-23 17:42:33.290 INFO  --- [main] org.springframework.jmx.export.annotation.AnnotationMBeanExporter Line:678 - Located managed bean 'refreshScope': registering with JMX server as MBean [org.springframework.cloud.context.scope.refresh:name=refreshScope,type=RefreshScope]
2017-12-23 17:42:33.326 INFO  --- [main] org.springframework.jmx.export.annotation.AnnotationMBeanExporter Line:678 - Located managed bean 'configurationPropertiesRebinder': registering with JMX server as MBean [org.springframework.cloud.context.properties:name=configurationPropertiesRebinder,context=12c0c0b3,type=ConfigurationPropertiesRebinder]
2017-12-23 17:42:33.337 INFO  --- [main] org.springframework.jmx.export.annotation.AnnotationMBeanExporter Line:671 - Located MBean 'dataSource': registering with JMX server as MBean [com.alibaba.druid.pool:name=dataSource,type=DruidDataSource]
2017-12-23 17:42:33.344 INFO  --- [main] org.springframework.jmx.export.annotation.AnnotationMBeanExporter Line:678 - Located managed bean 'rabbitConnectionFactory': registering with JMX server as MBean [org.springframework.amqp.rabbit.connection:name=rabbitConnectionFactory,type=CachingConnectionFactory]
2017-12-23 17:42:33.363 INFO  --- [main] org.springframework.jmx.export.annotation.AnnotationMBeanExporter Line:678 - Located managed bean 'refreshEndpoint': registering with JMX server as MBean [org.springframework.cloud.endpoint:name=refreshEndpoint,type=RefreshEndpoint]
2017-12-23 17:42:33.371 INFO  --- [main] org.springframework.boot.actuate.endpoint.jmx.EndpointMBeanExporter Line:431 - Registering beans for JMX exposure on startup
2017-12-23 17:42:40.397 INFO  --- [main] org.springframework.context.support.DefaultLifecycleProcessor Line:343 - Starting beans in phase 0
2017-12-23 17:42:40.403 INFO  --- [main] org.springframework.cloud.netflix.eureka.serviceregistry.EurekaServiceRegistry Line:40  - Registering application kunfind-service with eureka with status UP
2017-12-23 17:42:40.406 INFO  --- [main] com.netflix.discovery.DiscoveryClient Line:1288 - Saw local status change event StatusChangeEvent [timestamp=1514022160406, current=UP, previous=STARTING]
2017-12-23 17:42:40.418 INFO  --- [DiscoveryClient-InstanceInfoReplicator-0] com.netflix.discovery.DiscoveryClient Line:804 - DiscoveryClient_KUNFIND-SERVICE/USER-TS0VMPNAGP:kunfind-service:8080: registering service...
2017-12-23 17:42:40.434 INFO  --- [main] org.springframework.boot.actuate.endpoint.jmx.EndpointMBeanExporter Line:678 - Located managed bean 'auditEventsEndpoint': registering with JMX server as MBean [org.springframework.boot:type=Endpoint,name=auditEventsEndpoint]
2017-12-23 17:42:40.481 INFO  --- [main] org.springframework.boot.actuate.endpoint.jmx.EndpointMBeanExporter Line:678 - Located managed bean 'archaiusEndpoint': registering with JMX server as MBean [org.springframework.boot:type=Endpoint,name=archaiusEndpoint]
2017-12-23 17:42:40.493 INFO  --- [main] org.springframework.boot.actuate.endpoint.jmx.EndpointMBeanExporter Line:678 - Located managed bean 'featuresEndpoint': registering with JMX server as MBean [org.springframework.boot:type=Endpoint,name=featuresEndpoint]
2017-12-23 17:42:40.499 INFO  --- [main] org.springframework.boot.actuate.endpoint.jmx.EndpointMBeanExporter Line:678 - Located managed bean 'requestMappingEndpoint': registering with JMX server as MBean [org.springframework.boot:type=Endpoint,name=requestMappingEndpoint]
2017-12-23 17:42:40.506 INFO  --- [main] org.springframework.boot.actuate.endpoint.jmx.EndpointMBeanExporter Line:678 - Located managed bean 'environmentEndpoint': registering with JMX server as MBean [org.springframework.boot:type=Endpoint,name=environmentEndpoint]
2017-12-23 17:42:40.512 INFO  --- [main] org.springframework.boot.actuate.endpoint.jmx.EndpointMBeanExporter Line:678 - Located managed bean 'healthEndpoint': registering with JMX server as MBean [org.springframework.boot:type=Endpoint,name=healthEndpoint]
2017-12-23 17:42:40.517 INFO  --- [main] org.springframework.boot.actuate.endpoint.jmx.EndpointMBeanExporter Line:678 - Located managed bean 'beansEndpoint': registering with JMX server as MBean [org.springframework.boot:type=Endpoint,name=beansEndpoint]
2017-12-23 17:42:40.523 INFO  --- [main] org.springframework.boot.actuate.endpoint.jmx.EndpointMBeanExporter Line:678 - Located managed bean 'infoEndpoint': registering with JMX server as MBean [org.springframework.boot:type=Endpoint,name=infoEndpoint]
2017-12-23 17:42:40.529 INFO  --- [main] org.springframework.boot.actuate.endpoint.jmx.EndpointMBeanExporter Line:678 - Located managed bean 'loggersEndpoint': registering with JMX server as MBean [org.springframework.boot:type=Endpoint,name=loggersEndpoint]
2017-12-23 17:42:40.541 INFO  --- [main] org.springframework.boot.actuate.endpoint.jmx.EndpointMBeanExporter Line:678 - Located managed bean 'metricsEndpoint': registering with JMX server as MBean [org.springframework.boot:type=Endpoint,name=metricsEndpoint]
2017-12-23 17:42:40.546 INFO  --- [main] org.springframework.boot.actuate.endpoint.jmx.EndpointMBeanExporter Line:678 - Located managed bean 'traceEndpoint': registering with JMX server as MBean [org.springframework.boot:type=Endpoint,name=traceEndpoint]
2017-12-23 17:42:40.552 INFO  --- [main] org.springframework.boot.actuate.endpoint.jmx.EndpointMBeanExporter Line:678 - Located managed bean 'dumpEndpoint': registering with JMX server as MBean [org.springframework.boot:type=Endpoint,name=dumpEndpoint]
2017-12-23 17:42:40.557 INFO  --- [main] org.springframework.boot.actuate.endpoint.jmx.EndpointMBeanExporter Line:678 - Located managed bean 'autoConfigurationReportEndpoint': registering with JMX server as MBean [org.springframework.boot:type=Endpoint,name=autoConfigurationReportEndpoint]
2017-12-23 17:42:40.562 INFO  --- [main] org.springframework.boot.actuate.endpoint.jmx.EndpointMBeanExporter Line:678 - Located managed bean 'configurationPropertiesReportEndpoint': registering with JMX server as MBean [org.springframework.boot:type=Endpoint,name=configurationPropertiesReportEndpoint]
2017-12-23 17:42:40.608 INFO  --- [Thread-11] org.springframework.cloud.netflix.eureka.server.EurekaServerBootstrap Line:109 - Setting the eureka configuration..
2017-12-23 17:42:40.611 INFO  --- [main] org.springframework.context.support.DefaultLifecycleProcessor Line:343 - Starting beans in phase 2147483647
2017-12-23 17:42:40.612 INFO  --- [Thread-11] org.springframework.cloud.netflix.eureka.server.EurekaServerBootstrap Line:114 - Eureka data center value eureka.datacenter is not set, defaulting to default
2017-12-23 17:42:40.615 INFO  --- [Thread-11] org.springframework.cloud.netflix.eureka.server.EurekaServerBootstrap Line:128 - Eureka environment value eureka.environment is not set, defaulting to test
2017-12-23 17:42:40.632 INFO  --- [Thread-11] org.springframework.cloud.netflix.eureka.server.EurekaServerBootstrap Line:184 - isAws returned false
2017-12-23 17:42:40.638 INFO  --- [Thread-11] org.springframework.cloud.netflix.eureka.server.EurekaServerBootstrap Line:152 - Initialized server context
2017-12-23 17:42:40.724 INFO  --- [main] org.apache.coyote.http11.Http11NioProtocol Line:179 - Initializing ProtocolHandler ["http-nio-8080"]
2017-12-23 17:42:40.740 INFO  --- [main] org.apache.coyote.http11.Http11NioProtocol Line:179 - Starting ProtocolHandler ["http-nio-8080"]
2017-12-23 17:42:40.755 INFO  --- [main] org.apache.tomcat.util.net.NioSelectorPool Line:179 - Using a shared selector for servlet write/read
2017-12-23 17:42:40.784 INFO  --- [main] org.springframework.boot.context.embedded.tomcat.TomcatEmbeddedServletContainer Line:201 - Tomcat started on port(s): 8080 (http)
2017-12-23 17:42:40.789 INFO  --- [main] org.springframework.cloud.netflix.eureka.serviceregistry.EurekaAutoServiceRegistration Line:124 - Updating port to 8080
2017-12-23 17:42:40.806 INFO  --- [main] com.springboot.caoqing.CaoqingApplication Line:57  - Started CaoqingApplication in 45.818 seconds (JVM running for 49.255)
2017-12-23 17:42:40.809 INFO  --- [main] com.springboot.caoqing.CaoqingApplication Line:24  - server启动完成请开始你的表演。		*_*
2017-12-23 17:42:41.141 INFO  --- [http-nio-8080-exec-2] org.apache.catalina.core.ContainerBase.[Tomcat].[localhost].[/] Line:179 - Initializing Spring FrameworkServlet 'dispatcherServlet'
2017-12-23 17:42:41.144 INFO  --- [http-nio-8080-exec-2] org.springframework.web.servlet.DispatcherServlet Line:489 - FrameworkServlet 'dispatcherServlet': initialization started
2017-12-23 17:42:41.272 INFO  --- [http-nio-8080-exec-2] org.springframework.web.servlet.DispatcherServlet Line:508 - FrameworkServlet 'dispatcherServlet': initialization completed in 126 ms
2017-12-23 17:42:41.573 INFO  --- [http-nio-8080-exec-2] com.netflix.eureka.registry.AbstractInstanceRegistry Line:267 - Registered instance KUNFIND-SERVICE/USER-TS0VMPNAGP:kunfind-service:8080 with status UP (replication=false)
2017-12-23 17:42:41.669 INFO  --- [DiscoveryClient-InstanceInfoReplicator-0] com.netflix.discovery.DiscoveryClient Line:813 - DiscoveryClient_KUNFIND-SERVICE/USER-TS0VMPNAGP:kunfind-service:8080 - registration status: 204
2017-12-23 17:42:47.624 INFO  --- [RMI TCP Connection(12)-192.168.1.5] com.alibaba.druid.pool.DruidDataSource Line:667 - {dataSource-1} inited
2017-12-23 17:42:47.704 INFO  --- [RMI TCP Connection(12)-192.168.1.5] org.springframework.cloud.config.client.ConfigServicePropertySourceLocator Line:82  - Fetching config from server at: http://localhost:8888
2017-12-23 17:43:03.410 INFO  --- [DiscoveryClient-CacheRefreshExecutor-0] com.netflix.discovery.DiscoveryClient Line:929 - Disable delta property : false
2017-12-23 17:43:03.411 INFO  --- [http-nio-8080-exec-3] com.springboot.caoqing.util.SendMessageUtil Line:41  - goodlook0123@126.com****************************************************************
2017-12-23 17:43:03.414 INFO  --- [DiscoveryClient-CacheRefreshExecutor-0] com.netflix.discovery.DiscoveryClient Line:930 - Single vip registry refresh property : null
2017-12-23 17:43:03.423 INFO  --- [DiscoveryClient-CacheRefreshExecutor-0] com.netflix.discovery.DiscoveryClient Line:931 - Force full registry fetch : false
2017-12-23 17:43:03.426 INFO  --- [DiscoveryClient-CacheRefreshExecutor-0] com.netflix.discovery.DiscoveryClient Line:932 - Application is null : false
2017-12-23 17:43:03.429 INFO  --- [DiscoveryClient-CacheRefreshExecutor-0] com.netflix.discovery.DiscoveryClient Line:933 - Registered Applications size is zero : true
2017-12-23 17:43:03.432 INFO  --- [DiscoveryClient-CacheRefreshExecutor-0] com.netflix.discovery.DiscoveryClient Line:935 - Application version is -1: true
2017-12-23 17:43:03.435 INFO  --- [DiscoveryClient-CacheRefreshExecutor-0] com.netflix.discovery.DiscoveryClient Line:1018 - Getting all instance registry info from the eureka server
2017-12-23 17:43:03.688 INFO  --- [DiscoveryClient-CacheRefreshExecutor-0] com.netflix.discovery.DiscoveryClient Line:1027 - The response status is 200
2017-12-23 17:43:10.769 INFO  --- [Thread-11] com.netflix.eureka.registry.AbstractInstanceRegistry Line:267 - Registered instance KUNFIND-SERVICE/USER-TS0VMPNAGP:kunfind-service:8080 with status UP (replication=true)
2017-12-23 17:43:10.772 INFO  --- [Thread-11] com.netflix.eureka.registry.PeerAwareInstanceRegistryImpl Line:242 - Got 1 instances from neighboring DS node
2017-12-23 17:43:10.774 INFO  --- [Thread-11] com.netflix.eureka.registry.PeerAwareInstanceRegistryImpl Line:243 - Renew threshold is: 1
2017-12-23 17:43:10.776 INFO  --- [Thread-11] com.netflix.eureka.registry.PeerAwareInstanceRegistryImpl Line:254 - Changing status to UP
2017-12-23 17:43:10.785 INFO  --- [Thread-11] org.springframework.cloud.netflix.eureka.server.EurekaServerInitializerConfiguration Line:72  - Started Eureka Server
2017-12-23 17:44:57.120 INFO  --- [main] org.springframework.context.annotation.AnnotationConfigApplicationContext Line:583 - Refreshing org.springframework.context.annotation.AnnotationConfigApplicationContext@44ea608c: startup date [Sat Dec 23 17:44:57 GMT+08:00 2017]; root of context hierarchy
2017-12-23 17:44:57.256 INFO  --- [background-preinit] org.hibernate.validator.internal.util.Version Line:30  - HV000001: Hibernate Validator 5.3.6.Final
2017-12-23 17:44:57.686 INFO  --- [main] org.springframework.beans.factory.annotation.AutowiredAnnotationBeanPostProcessor Line:155 - JSR-330 'javax.inject.Inject' annotation found and supported for autowiring
2017-12-23 17:44:57.827 INFO  --- [main] org.springframework.context.support.PostProcessorRegistrationDelegate$BeanPostProcessorChecker Line:327 - Bean 'configurationPropertiesRebinderAutoConfiguration' of type [org.springframework.cloud.autoconfigure.ConfigurationPropertiesRebinderAutoConfiguration$$EnhancerBySpringCGLIB$$e043923f] is not eligible for getting processed by all BeanPostProcessors (for example: not eligible for auto-proxying)
2017-12-23 17:44:59.207 INFO  --- [main] org.springframework.cloud.config.client.ConfigServicePropertySourceLocator Line:82  - Fetching config from server at: http://localhost:8888
2017-12-23 17:45:00.360 INFO  --- [main] com.springboot.caoqing.CaoqingApplication Line:593 - No active profile set, falling back to default profiles: default
2017-12-23 17:45:00.397 INFO  --- [main] org.springframework.boot.context.embedded.AnnotationConfigEmbeddedWebApplicationContext Line:583 - Refreshing org.springframework.boot.context.embedded.AnnotationConfigEmbeddedWebApplicationContext@5731d3a: startup date [Sat Dec 23 17:45:00 GMT+08:00 2017]; parent: org.springframework.context.annotation.AnnotationConfigApplicationContext@44ea608c
2017-12-23 17:45:06.306 INFO  --- [main] org.springframework.data.repository.config.RepositoryConfigurationDelegate Line:165 - Multiple Spring Data modules found, entering strict repository configuration mode!
2017-12-23 17:45:08.566 INFO  --- [main] org.springframework.cloud.context.scope.GenericScope Line:287 - BeanFactory id=f02eb989-4d6c-333d-97ca-37ccd145679f
2017-12-23 17:45:08.663 INFO  --- [main] org.springframework.beans.factory.annotation.AutowiredAnnotationBeanPostProcessor Line:155 - JSR-330 'javax.inject.Inject' annotation found and supported for autowiring
2017-12-23 17:45:08.866 INFO  --- [main] org.springframework.context.support.PostProcessorRegistrationDelegate$BeanPostProcessorChecker Line:327 - Bean 'org.springframework.amqp.rabbit.annotation.RabbitBootstrapConfiguration' of type [org.springframework.amqp.rabbit.annotation.RabbitBootstrapConfiguration$$EnhancerBySpringCGLIB$$8a954d70] is not eligible for getting processed by all BeanPostProcessors (for example: not eligible for auto-proxying)
2017-12-23 17:45:09.055 INFO  --- [main] org.springframework.context.support.PostProcessorRegistrationDelegate$BeanPostProcessorChecker Line:327 - Bean 'org.springframework.cloud.netflix.metrics.MetricsInterceptorConfiguration$MetricsRestTemplateConfiguration' of type [org.springframework.cloud.netflix.metrics.MetricsInterceptorConfiguration$MetricsRestTemplateConfiguration$$EnhancerBySpringCGLIB$$f6563583] is not eligible for getting processed by all BeanPostProcessors (for example: not eligible for auto-proxying)
2017-12-23 17:45:09.097 INFO  --- [main] org.springframework.context.support.PostProcessorRegistrationDelegate$BeanPostProcessorChecker Line:327 - Bean 'org.springframework.transaction.annotation.ProxyTransactionManagementConfiguration' of type [org.springframework.transaction.annotation.ProxyTransactionManagementConfiguration$$EnhancerBySpringCGLIB$$c4298f42] is not eligible for getting processed by all BeanPostProcessors (for example: not eligible for auto-proxying)
2017-12-23 17:45:09.227 INFO  --- [main] org.springframework.context.support.PostProcessorRegistrationDelegate$BeanPostProcessorChecker Line:327 - Bean 'org.springframework.cloud.autoconfigure.ConfigurationPropertiesRebinderAutoConfiguration' of type [org.springframework.cloud.autoconfigure.ConfigurationPropertiesRebinderAutoConfiguration$$EnhancerBySpringCGLIB$$e043923f] is not eligible for getting processed by all BeanPostProcessors (for example: not eligible for auto-proxying)
2017-12-23 17:45:10.069 INFO  --- [main] org.springframework.boot.context.embedded.tomcat.TomcatEmbeddedServletContainer Line:89  - Tomcat initialized with port(s): 8080 (http)
2017-12-23 17:45:10.090 INFO  --- [main] org.apache.catalina.core.StandardService Line:179 - Starting service [Tomcat]
2017-12-23 17:45:10.093 INFO  --- [main] org.apache.catalina.core.StandardEngine Line:179 - Starting Servlet Engine: Apache Tomcat/8.5.23
2017-12-23 17:45:10.218 INFO  --- [localhost-startStop-1] org.apache.catalina.core.ContainerBase.[Tomcat].[localhost].[/] Line:179 - Initializing Spring embedded WebApplicationContext
2017-12-23 17:45:10.226 INFO  --- [localhost-startStop-1] org.springframework.web.context.ContextLoader Line:276 - Root WebApplicationContext: initialization completed in 9829 ms
2017-12-23 17:45:12.583 INFO  --- [localhost-startStop-1] org.springframework.boot.web.servlet.FilterRegistrationBean Line:258 - Mapping filter: 'metricsFilter' to: [/*]
2017-12-23 17:45:12.586 INFO  --- [localhost-startStop-1] org.springframework.boot.web.servlet.FilterRegistrationBean Line:258 - Mapping filter: 'characterEncodingFilter' to: [/*]
2017-12-23 17:45:12.589 INFO  --- [localhost-startStop-1] org.springframework.boot.web.servlet.FilterRegistrationBean Line:258 - Mapping filter: 'hiddenHttpMethodFilter' to: [/*]
2017-12-23 17:45:12.591 INFO  --- [localhost-startStop-1] org.springframework.boot.web.servlet.FilterRegistrationBean Line:258 - Mapping filter: 'httpPutFormContentFilter' to: [/*]
2017-12-23 17:45:12.594 INFO  --- [localhost-startStop-1] org.springframework.boot.web.servlet.FilterRegistrationBean Line:258 - Mapping filter: 'requestContextFilter' to: [/*]
2017-12-23 17:45:12.596 INFO  --- [localhost-startStop-1] org.springframework.boot.web.servlet.FilterRegistrationBean Line:258 - Mapping filter: 'webRequestTraceFilter' to: [/*]
2017-12-23 17:45:12.598 INFO  --- [localhost-startStop-1] org.springframework.boot.web.servlet.FilterRegistrationBean Line:271 - Mapping filter: 'webStatFilter' to urls: [/*]
2017-12-23 17:45:12.601 INFO  --- [localhost-startStop-1] org.springframework.boot.web.servlet.FilterRegistrationBean Line:271 - Mapping filter: 'servletContainer' to urls: [/eureka/*]
2017-12-23 17:45:12.603 INFO  --- [localhost-startStop-1] org.springframework.boot.web.servlet.FilterRegistrationBean Line:258 - Mapping filter: 'applicationContextIdFilter' to: [/*]
2017-12-23 17:45:12.605 INFO  --- [localhost-startStop-1] org.springframework.boot.web.servlet.ServletRegistrationBean Line:190 - Mapping servlet: 'dispatcherServlet' to [/]
2017-12-23 17:45:12.610 INFO  --- [localhost-startStop-1] org.springframework.boot.web.servlet.ServletRegistrationBean Line:190 - Mapping servlet: 'statViewServlet' to [/druid/*]
2017-12-23 17:45:12.743 INFO  --- [localhost-startStop-1] com.sun.jersey.server.impl.application.WebApplicationImpl Line:815 - Initiating Jersey application, version 'Jersey: 1.19.1 03/11/2016 02:08 PM'
2017-12-23 17:45:12.857 INFO  --- [localhost-startStop-1] com.netflix.discovery.provider.DiscoveryJerseyProvider Line:70  - Using JSON encoding codec LegacyJacksonJson
2017-12-23 17:45:12.861 INFO  --- [localhost-startStop-1] com.netflix.discovery.provider.DiscoveryJerseyProvider Line:71  - Using JSON decoding codec LegacyJacksonJson
2017-12-23 17:45:13.008 INFO  --- [localhost-startStop-1] com.netflix.discovery.provider.DiscoveryJerseyProvider Line:80  - Using XML encoding codec XStreamXml
2017-12-23 17:45:13.011 INFO  --- [localhost-startStop-1] com.netflix.discovery.provider.DiscoveryJerseyProvider Line:81  - Using XML decoding codec XStreamXml
2017-12-23 17:45:15.357 INFO  --- [main] com.springboot.caoqing.redis.RedisConfig Line:35  - JedisConnectionFactory bean init success.  kunfindsoft
2017-12-23 17:45:17.738 INFO  --- [main] com.netflix.config.sources.URLConfigurationSource Line:122 - To enable URLs as dynamic configuration sources, define System property archaius.configurationSource.additionalUrls or make config.properties available on classpath.
2017-12-23 17:45:17.749 INFO  --- [main] com.netflix.config.sources.URLConfigurationSource Line:122 - To enable URLs as dynamic configuration sources, define System property archaius.configurationSource.additionalUrls or make config.properties available on classpath.
2017-12-23 17:45:19.136 INFO  --- [main] org.springframework.web.servlet.mvc.method.annotation.RequestMappingHandlerAdapter Line:534 - Looking for @ControllerAdvice: org.springframework.boot.context.embedded.AnnotationConfigEmbeddedWebApplicationContext@5731d3a: startup date [Sat Dec 23 17:45:00 GMT+08:00 2017]; parent: org.springframework.context.annotation.AnnotationConfigApplicationContext@44ea608c
2017-12-23 17:45:19.465 INFO  --- [main] org.springframework.web.servlet.mvc.method.annotation.RequestMappingHandlerMapping Line:543 - Mapped "{[/test/findRoles],produces=[application/json;charset=UTF-8]}" onto public java.lang.String com.springboot.caoqing.Controller.findRoles()
2017-12-23 17:45:19.468 INFO  --- [main] org.springframework.web.servlet.mvc.method.annotation.RequestMappingHandlerMapping Line:543 - Mapped "{[/test/testSpringcloud],methods=[GET]}" onto public java.lang.String com.springboot.caoqing.Controller.indexs()
2017-12-23 17:45:19.473 INFO  --- [main] org.springframework.web.servlet.mvc.method.annotation.RequestMappingHandlerMapping Line:543 - Mapped "{[/test/findRolesNameByModuleName],produces=[application/json;charset=UTF-8]}" onto public java.util.List<com.springboot.caoqing.bean.Role> com.springboot.caoqing.Controller.findRolesNameByModuleName(javax.servlet.http.HttpServletRequest)
2017-12-23 17:45:19.476 INFO  --- [main] org.springframework.web.servlet.mvc.method.annotation.RequestMappingHandlerMapping Line:543 - Mapped "{[/test/testRabbidMqkunFind],methods=[GET]}" onto public void com.springboot.caoqing.Controller.testRabbidMqkunFind(javax.servlet.http.HttpServletRequest)
2017-12-23 17:45:19.479 INFO  --- [main] org.springframework.web.servlet.mvc.method.annotation.RequestMappingHandlerMapping Line:543 - Mapped "{[/test/testSendmailMessage],methods=[GET]}" onto public void com.springboot.caoqing.Controller.testSendmailMessage(javax.servlet.http.HttpServletRequest)
2017-12-23 17:45:19.531 INFO  --- [main] org.springframework.web.servlet.mvc.method.annotation.RequestMappingHandlerMapping Line:543 - Mapped "{[/error]}" onto public org.springframework.http.ResponseEntity<java.util.Map<java.lang.String, java.lang.Object>> org.springframework.boot.autoconfigure.web.BasicErrorController.error(javax.servlet.http.HttpServletRequest)
2017-12-23 17:45:19.534 INFO  --- [main] org.springframework.web.servlet.mvc.method.annotation.RequestMappingHandlerMapping Line:543 - Mapped "{[/error],produces=[text/html]}" onto public org.springframework.web.servlet.ModelAndView org.springframework.boot.autoconfigure.web.BasicErrorController.errorHtml(javax.servlet.http.HttpServletRequest,javax.servlet.http.HttpServletResponse)
2017-12-23 17:45:19.572 INFO  --- [main] org.springframework.web.servlet.mvc.method.annotation.RequestMappingHandlerMapping Line:543 - Mapped "{[/],methods=[GET]}" onto public java.lang.String org.springframework.cloud.netflix.eureka.server.EurekaController.status(javax.servlet.http.HttpServletRequest,java.util.Map<java.lang.String, java.lang.Object>)
2017-12-23 17:45:19.574 INFO  --- [main] org.springframework.web.servlet.mvc.method.annotation.RequestMappingHandlerMapping Line:543 - Mapped "{[/lastn],methods=[GET]}" onto public java.lang.String org.springframework.cloud.netflix.eureka.server.EurekaController.lastn(javax.servlet.http.HttpServletRequest,java.util.Map<java.lang.String, java.lang.Object>)
2017-12-23 17:45:20.924 INFO  --- [main] org.springframework.web.servlet.handler.SimpleUrlHandlerMapping Line:362 - Mapped URL path [/webjars/**] onto handler of type [class org.springframework.web.servlet.resource.ResourceHttpRequestHandler]
2017-12-23 17:45:20.926 INFO  --- [main] org.springframework.web.servlet.handler.SimpleUrlHandlerMapping Line:362 - Mapped URL path [/**] onto handler of type [class org.springframework.web.servlet.resource.ResourceHttpRequestHandler]
2017-12-23 17:45:21.182 INFO  --- [main] org.springframework.web.servlet.handler.SimpleUrlHandlerMapping Line:362 - Mapped URL path [/**/favicon.ico] onto handler of type [class org.springframework.web.servlet.resource.ResourceHttpRequestHandler]
2017-12-23 17:45:27.086 INFO  --- [main] org.springframework.boot.actuate.endpoint.mvc.EndpointHandlerMapping Line:543 - Mapped "{[/mappings || /mappings.json],methods=[GET],produces=[application/vnd.spring-boot.actuator.v1+json || application/json]}" onto public java.lang.Object org.springframework.boot.actuate.endpoint.mvc.EndpointMvcAdapter.invoke()
2017-12-23 17:45:27.095 INFO  --- [main] org.springframework.boot.actuate.endpoint.mvc.EndpointHandlerMapping Line:543 - Mapped "{[/trace || /trace.json],methods=[GET],produces=[application/vnd.spring-boot.actuator.v1+json || application/json]}" onto public java.lang.Object org.springframework.boot.actuate.endpoint.mvc.EndpointMvcAdapter.invoke()
2017-12-23 17:45:27.107 INFO  --- [main] org.springframework.boot.actuate.endpoint.mvc.EndpointHandlerMapping Line:543 - Mapped "{[/heapdump || /heapdump.json],methods=[GET],produces=[application/octet-stream]}" onto public void org.springframework.boot.actuate.endpoint.mvc.HeapdumpMvcEndpoint.invoke(boolean,javax.servlet.http.HttpServletRequest,javax.servlet.http.HttpServletResponse) throws java.io.IOException,javax.servlet.ServletException
2017-12-23 17:45:27.123 INFO  --- [main] org.springframework.boot.actuate.endpoint.mvc.EndpointHandlerMapping Line:543 - Mapped "{[/autoconfig || /autoconfig.json],methods=[GET],produces=[application/vnd.spring-boot.actuator.v1+json || application/json]}" onto public java.lang.Object org.springframework.boot.actuate.endpoint.mvc.EndpointMvcAdapter.invoke()
2017-12-23 17:45:27.135 INFO  --- [main] org.springframework.boot.actuate.endpoint.mvc.EndpointHandlerMapping Line:543 - Mapped "{[/refresh || /refresh.json],methods=[POST]}" onto public java.lang.Object org.springframework.cloud.endpoint.GenericPostableMvcEndpoint.invoke()
2017-12-23 17:45:27.144 INFO  --- [main] org.springframework.boot.actuate.endpoint.mvc.EndpointHandlerMapping Line:543 - Mapped "{[/metrics/{name:.*}],methods=[GET],produces=[application/vnd.spring-boot.actuator.v1+json || application/json]}" onto public java.lang.Object org.springframework.boot.actuate.endpoint.mvc.MetricsMvcEndpoint.value(java.lang.String)
2017-12-23 17:45:27.147 INFO  --- [main] org.springframework.boot.actuate.endpoint.mvc.EndpointHandlerMapping Line:543 - Mapped "{[/metrics || /metrics.json],methods=[GET],produces=[application/vnd.spring-boot.actuator.v1+json || application/json]}" onto public java.lang.Object org.springframework.boot.actuate.endpoint.mvc.EndpointMvcAdapter.invoke()
2017-12-23 17:45:27.154 INFO  --- [main] org.springframework.boot.actuate.endpoint.mvc.EndpointHandlerMapping Line:543 - Mapped "{[/info || /info.json],methods=[GET],produces=[application/vnd.spring-boot.actuator.v1+json || application/json]}" onto public java.lang.Object org.springframework.boot.actuate.endpoint.mvc.EndpointMvcAdapter.invoke()
2017-12-23 17:45:27.163 INFO  --- [main] org.springframework.boot.actuate.endpoint.mvc.EndpointHandlerMapping Line:543 - Mapped "{[/beans || /beans.json],methods=[GET],produces=[application/vnd.spring-boot.actuator.v1+json || application/json]}" onto public java.lang.Object org.springframework.boot.actuate.endpoint.mvc.EndpointMvcAdapter.invoke()
2017-12-23 17:45:27.169 INFO  --- [main] org.springframework.boot.actuate.endpoint.mvc.EndpointHandlerMapping Line:543 - Mapped "{[/dump || /dump.json],methods=[GET],produces=[application/vnd.spring-boot.actuator.v1+json || application/json]}" onto public java.lang.Object org.springframework.boot.actuate.endpoint.mvc.EndpointMvcAdapter.invoke()
2017-12-23 17:45:27.176 INFO  --- [main] org.springframework.boot.actuate.endpoint.mvc.EndpointHandlerMapping Line:543 - Mapped "{[/env],methods=[POST]}" onto public java.lang.Object org.springframework.cloud.context.environment.EnvironmentManagerMvcEndpoint.value(java.util.Map<java.lang.String, java.lang.String>)
2017-12-23 17:45:27.179 INFO  --- [main] org.springframework.boot.actuate.endpoint.mvc.EndpointHandlerMapping Line:543 - Mapped "{[/env/reset],methods=[POST]}" onto public java.util.Map<java.lang.String, java.lang.Object> org.springframework.cloud.context.environment.EnvironmentManagerMvcEndpoint.reset()
2017-12-23 17:45:27.185 INFO  --- [main] org.springframework.boot.actuate.endpoint.mvc.EndpointHandlerMapping Line:543 - Mapped "{[/env/{name:.*}],methods=[GET],produces=[application/vnd.spring-boot.actuator.v1+json || application/json]}" onto public java.lang.Object org.springframework.boot.actuate.endpoint.mvc.EnvironmentMvcEndpoint.value(java.lang.String)
2017-12-23 17:45:27.188 INFO  --- [main] org.springframework.boot.actuate.endpoint.mvc.EndpointHandlerMapping Line:543 - Mapped "{[/env || /env.json],methods=[GET],produces=[application/vnd.spring-boot.actuator.v1+json || application/json]}" onto public java.lang.Object org.springframework.boot.actuate.endpoint.mvc.EndpointMvcAdapter.invoke()
2017-12-23 17:45:27.195 INFO  --- [main] org.springframework.boot.actuate.endpoint.mvc.EndpointHandlerMapping Line:543 - Mapped "{[/service-registry/instance-status],methods=[GET]}" onto public org.springframework.http.ResponseEntity org.springframework.cloud.client.serviceregistry.endpoint.ServiceRegistryEndpoint.getStatus()
2017-12-23 17:45:27.198 INFO  --- [main] org.springframework.boot.actuate.endpoint.mvc.EndpointHandlerMapping Line:543 - Mapped "{[/service-registry/instance-status],methods=[POST]}" onto public org.springframework.http.ResponseEntity<?> org.springframework.cloud.client.serviceregistry.endpoint.ServiceRegistryEndpoint.setStatus(java.lang.String)
2017-12-23 17:45:27.204 INFO  --- [main] org.springframework.boot.actuate.endpoint.mvc.EndpointHandlerMapping Line:543 - Mapped "{[/archaius || /archaius.json],methods=[GET],produces=[application/vnd.spring-boot.actuator.v1+json || application/json]}" onto public java.lang.Object org.springframework.boot.actuate.endpoint.mvc.EndpointMvcAdapter.invoke()
2017-12-23 17:45:27.211 INFO  --- [main] org.springframework.boot.actuate.endpoint.mvc.EndpointHandlerMapping Line:543 - Mapped "{[/configprops || /configprops.json],methods=[GET],produces=[application/vnd.spring-boot.actuator.v1+json || application/json]}" onto public java.lang.Object org.springframework.boot.actuate.endpoint.mvc.EndpointMvcAdapter.invoke()
2017-12-23 17:45:27.217 INFO  --- [main] org.springframework.boot.actuate.endpoint.mvc.EndpointHandlerMapping Line:543 - Mapped "{[/auditevents || /auditevents.json],methods=[GET],produces=[application/vnd.spring-boot.actuator.v1+json || application/json]}" onto public org.springframework.http.ResponseEntity<?> org.springframework.boot.actuate.endpoint.mvc.AuditEventsMvcEndpoint.findByPrincipalAndAfterAndType(java.lang.String,java.util.Date,java.lang.String)
2017-12-23 17:45:27.226 INFO  --- [main] org.springframework.boot.actuate.endpoint.mvc.EndpointHandlerMapping Line:543 - Mapped "{[/loggers/{name:.*}],methods=[GET],produces=[application/vnd.spring-boot.actuator.v1+json || application/json]}" onto public java.lang.Object org.springframework.boot.actuate.endpoint.mvc.LoggersMvcEndpoint.get(java.lang.String)
2017-12-23 17:45:27.229 INFO  --- [main] org.springframework.boot.actuate.endpoint.mvc.EndpointHandlerMapping Line:543 - Mapped "{[/loggers/{name:.*}],methods=[POST],consumes=[application/vnd.spring-boot.actuator.v1+json || application/json],produces=[application/vnd.spring-boot.actuator.v1+json || application/json]}" onto public java.lang.Object org.springframework.boot.actuate.endpoint.mvc.LoggersMvcEndpoint.set(java.lang.String,java.util.Map<java.lang.String, java.lang.String>)
2017-12-23 17:45:27.232 INFO  --- [main] org.springframework.boot.actuate.endpoint.mvc.EndpointHandlerMapping Line:543 - Mapped "{[/loggers || /loggers.json],methods=[GET],produces=[application/vnd.spring-boot.actuator.v1+json || application/json]}" onto public java.lang.Object org.springframework.boot.actuate.endpoint.mvc.EndpointMvcAdapter.invoke()
2017-12-23 17:45:27.238 INFO  --- [main] org.springframework.boot.actuate.endpoint.mvc.EndpointHandlerMapping Line:543 - Mapped "{[/health || /health.json],methods=[GET],produces=[application/vnd.spring-boot.actuator.v1+json || application/json]}" onto public java.lang.Object org.springframework.boot.actuate.endpoint.mvc.HealthMvcEndpoint.invoke(javax.servlet.http.HttpServletRequest,java.security.Principal)
2017-12-23 17:45:27.244 INFO  --- [main] org.springframework.boot.actuate.endpoint.mvc.EndpointHandlerMapping Line:543 - Mapped "{[/features || /features.json],methods=[GET],produces=[application/vnd.spring-boot.actuator.v1+json || application/json]}" onto public java.lang.Object org.springframework.boot.actuate.endpoint.mvc.EndpointMvcAdapter.invoke()
2017-12-23 17:45:28.173 INFO  --- [main] org.springframework.ui.freemarker.SpringTemplateLoader Line:61  - SpringTemplateLoader for FreeMarker: using resource loader [org.springframework.boot.context.embedded.AnnotationConfigEmbeddedWebApplicationContext@5731d3a: startup date [Sat Dec 23 17:45:00 GMT+08:00 2017]; parent: org.springframework.context.annotation.AnnotationConfigApplicationContext@44ea608c] and template loader path [classpath:/templates/]
2017-12-23 17:45:28.177 INFO  --- [main] org.springframework.web.servlet.view.freemarker.FreeMarkerConfigurer Line:127 - ClassTemplateLoader for Spring macros added to FreeMarker configuration
2017-12-23 17:45:29.907 INFO  --- [main] org.springframework.cloud.netflix.eureka.InstanceInfoFactory Line:71  - Setting initial instance status as: STARTING
2017-12-23 17:45:29.954 INFO  --- [main] com.netflix.discovery.DiscoveryClient Line:347 - Initializing Eureka in region us-east-1
2017-12-23 17:45:30.159 INFO  --- [main] com.netflix.discovery.provider.DiscoveryJerseyProvider Line:70  - Using JSON encoding codec LegacyJacksonJson
2017-12-23 17:45:30.162 INFO  --- [main] com.netflix.discovery.provider.DiscoveryJerseyProvider Line:71  - Using JSON decoding codec LegacyJacksonJson
2017-12-23 17:45:30.165 INFO  --- [main] com.netflix.discovery.provider.DiscoveryJerseyProvider Line:80  - Using XML encoding codec XStreamXml
2017-12-23 17:45:30.168 INFO  --- [main] com.netflix.discovery.provider.DiscoveryJerseyProvider Line:81  - Using XML decoding codec XStreamXml
2017-12-23 17:45:30.339 INFO  --- [main] com.netflix.discovery.shared.resolver.aws.ConfigClusterResolver Line:43  - Resolving eureka endpoints via configuration
2017-12-23 17:45:30.427 INFO  --- [main] com.netflix.discovery.DiscoveryClient Line:929 - Disable delta property : false
2017-12-23 17:45:30.430 INFO  --- [main] com.netflix.discovery.DiscoveryClient Line:930 - Single vip registry refresh property : null
2017-12-23 17:45:30.433 INFO  --- [main] com.netflix.discovery.DiscoveryClient Line:931 - Force full registry fetch : false
2017-12-23 17:45:30.435 INFO  --- [main] com.netflix.discovery.DiscoveryClient Line:932 - Application is null : false
2017-12-23 17:45:30.438 INFO  --- [main] com.netflix.discovery.DiscoveryClient Line:933 - Registered Applications size is zero : true
2017-12-23 17:45:30.440 INFO  --- [main] com.netflix.discovery.DiscoveryClient Line:935 - Application version is -1: true
2017-12-23 17:45:30.443 INFO  --- [main] com.netflix.discovery.DiscoveryClient Line:1018 - Getting all instance registry info from the eureka server
2017-12-23 17:45:32.644 INFO  --- [main] com.netflix.discovery.DiscoveryClient Line:1253 - Starting heartbeat executor: renew interval is: 30
2017-12-23 17:45:32.650 INFO  --- [main] com.netflix.discovery.InstanceInfoReplicator Line:59  - InstanceInfoReplicator onDemand update allowed rate per min is 4
2017-12-23 17:45:32.656 INFO  --- [main] com.netflix.discovery.DiscoveryClient Line:434 - Discovery Client initialized at timestamp 1514022332655 with initial instances count: 0
2017-12-23 17:45:32.785 INFO  --- [main] com.netflix.eureka.DefaultEurekaServerContext Line:63  - Initializing ...
2017-12-23 17:45:32.802 INFO  --- [main] com.netflix.eureka.registry.AbstractInstanceRegistry Line:152 - Finished initializing remote region registries. All known remote regions: []
2017-12-23 17:45:32.804 INFO  --- [main] com.netflix.eureka.DefaultEurekaServerContext Line:66  - Initialized
2017-12-23 17:45:33.257 INFO  --- [main] org.springframework.jmx.export.annotation.AnnotationMBeanExporter Line:431 - Registering beans for JMX exposure on startup
2017-12-23 17:45:33.268 INFO  --- [main] org.springframework.jmx.export.annotation.AnnotationMBeanExporter Line:916 - Bean with name 'dataSource' has been autodetected for JMX exposure
2017-12-23 17:45:33.282 INFO  --- [main] org.springframework.jmx.export.annotation.AnnotationMBeanExporter Line:916 - Bean with name 'environmentManager' has been autodetected for JMX exposure
2017-12-23 17:45:33.291 INFO  --- [main] org.springframework.jmx.export.annotation.AnnotationMBeanExporter Line:916 - Bean with name 'rabbitConnectionFactory' has been autodetected for JMX exposure
2017-12-23 17:45:33.304 INFO  --- [main] org.springframework.jmx.export.annotation.AnnotationMBeanExporter Line:916 - Bean with name 'configurationPropertiesRebinder' has been autodetected for JMX exposure
2017-12-23 17:45:33.310 INFO  --- [main] org.springframework.jmx.export.annotation.AnnotationMBeanExporter Line:916 - Bean with name 'refreshEndpoint' has been autodetected for JMX exposure
2017-12-23 17:45:33.316 INFO  --- [main] org.springframework.jmx.export.annotation.AnnotationMBeanExporter Line:916 - Bean with name 'serviceRegistryEndpoint' has been autodetected for JMX exposure
2017-12-23 17:45:33.323 INFO  --- [main] org.springframework.jmx.export.annotation.AnnotationMBeanExporter Line:916 - Bean with name 'refreshScope' has been autodetected for JMX exposure
2017-12-23 17:45:33.331 INFO  --- [main] org.springframework.jmx.export.annotation.AnnotationMBeanExporter Line:678 - Located managed bean 'environmentManager': registering with JMX server as MBean [org.springframework.cloud.context.environment:name=environmentManager,type=EnvironmentManager]
2017-12-23 17:45:33.359 INFO  --- [main] org.springframework.jmx.export.annotation.AnnotationMBeanExporter Line:678 - Located managed bean 'serviceRegistryEndpoint': registering with JMX server as MBean [org.springframework.cloud.client.serviceregistry.endpoint:name=serviceRegistryEndpoint,type=ServiceRegistryEndpoint]
2017-12-23 17:45:33.376 INFO  --- [main] org.springframework.jmx.export.annotation.AnnotationMBeanExporter Line:678 - Located managed bean 'refreshScope': registering with JMX server as MBean [org.springframework.cloud.context.scope.refresh:name=refreshScope,type=RefreshScope]
2017-12-23 17:45:33.441 INFO  --- [main] org.springframework.jmx.export.annotation.AnnotationMBeanExporter Line:678 - Located managed bean 'configurationPropertiesRebinder': registering with JMX server as MBean [org.springframework.cloud.context.properties:name=configurationPropertiesRebinder,context=5731d3a,type=ConfigurationPropertiesRebinder]
2017-12-23 17:45:33.468 INFO  --- [main] org.springframework.jmx.export.annotation.AnnotationMBeanExporter Line:671 - Located MBean 'dataSource': registering with JMX server as MBean [com.alibaba.druid.pool:name=dataSource,type=DruidDataSource]
2017-12-23 17:45:33.477 INFO  --- [main] org.springframework.jmx.export.annotation.AnnotationMBeanExporter Line:678 - Located managed bean 'rabbitConnectionFactory': registering with JMX server as MBean [org.springframework.amqp.rabbit.connection:name=rabbitConnectionFactory,type=CachingConnectionFactory]
2017-12-23 17:45:33.496 INFO  --- [main] org.springframework.jmx.export.annotation.AnnotationMBeanExporter Line:678 - Located managed bean 'refreshEndpoint': registering with JMX server as MBean [org.springframework.cloud.endpoint:name=refreshEndpoint,type=RefreshEndpoint]
2017-12-23 17:45:33.506 INFO  --- [main] org.springframework.boot.actuate.endpoint.jmx.EndpointMBeanExporter Line:431 - Registering beans for JMX exposure on startup
2017-12-23 17:45:41.527 INFO  --- [main] org.springframework.context.support.DefaultLifecycleProcessor Line:343 - Starting beans in phase 0
2017-12-23 17:45:41.533 INFO  --- [main] org.springframework.cloud.netflix.eureka.serviceregistry.EurekaServiceRegistry Line:40  - Registering application kunfind-service with eureka with status UP
2017-12-23 17:45:41.537 INFO  --- [main] com.netflix.discovery.DiscoveryClient Line:1288 - Saw local status change event StatusChangeEvent [timestamp=1514022341537, current=UP, previous=STARTING]
2017-12-23 17:45:41.551 INFO  --- [DiscoveryClient-InstanceInfoReplicator-0] com.netflix.discovery.DiscoveryClient Line:804 - DiscoveryClient_KUNFIND-SERVICE/USER-TS0VMPNAGP:kunfind-service:8080: registering service...
2017-12-23 17:45:41.584 INFO  --- [main] org.springframework.boot.actuate.endpoint.jmx.EndpointMBeanExporter Line:678 - Located managed bean 'auditEventsEndpoint': registering with JMX server as MBean [org.springframework.boot:type=Endpoint,name=auditEventsEndpoint]
2017-12-23 17:45:41.635 INFO  --- [main] org.springframework.boot.actuate.endpoint.jmx.EndpointMBeanExporter Line:678 - Located managed bean 'archaiusEndpoint': registering with JMX server as MBean [org.springframework.boot:type=Endpoint,name=archaiusEndpoint]
2017-12-23 17:45:41.649 INFO  --- [main] org.springframework.boot.actuate.endpoint.jmx.EndpointMBeanExporter Line:678 - Located managed bean 'featuresEndpoint': registering with JMX server as MBean [org.springframework.boot:type=Endpoint,name=featuresEndpoint]
2017-12-23 17:45:41.655 INFO  --- [main] org.springframework.boot.actuate.endpoint.jmx.EndpointMBeanExporter Line:678 - Located managed bean 'requestMappingEndpoint': registering with JMX server as MBean [org.springframework.boot:type=Endpoint,name=requestMappingEndpoint]
2017-12-23 17:45:41.660 INFO  --- [main] org.springframework.boot.actuate.endpoint.jmx.EndpointMBeanExporter Line:678 - Located managed bean 'environmentEndpoint': registering with JMX server as MBean [org.springframework.boot:type=Endpoint,name=environmentEndpoint]
2017-12-23 17:45:41.666 INFO  --- [main] org.springframework.boot.actuate.endpoint.jmx.EndpointMBeanExporter Line:678 - Located managed bean 'healthEndpoint': registering with JMX server as MBean [org.springframework.boot:type=Endpoint,name=healthEndpoint]
2017-12-23 17:45:41.673 INFO  --- [main] org.springframework.boot.actuate.endpoint.jmx.EndpointMBeanExporter Line:678 - Located managed bean 'beansEndpoint': registering with JMX server as MBean [org.springframework.boot:type=Endpoint,name=beansEndpoint]
2017-12-23 17:45:41.681 INFO  --- [main] org.springframework.boot.actuate.endpoint.jmx.EndpointMBeanExporter Line:678 - Located managed bean 'infoEndpoint': registering with JMX server as MBean [org.springframework.boot:type=Endpoint,name=infoEndpoint]
2017-12-23 17:45:41.688 INFO  --- [main] org.springframework.boot.actuate.endpoint.jmx.EndpointMBeanExporter Line:678 - Located managed bean 'loggersEndpoint': registering with JMX server as MBean [org.springframework.boot:type=Endpoint,name=loggersEndpoint]
2017-12-23 17:45:41.698 INFO  --- [main] org.springframework.boot.actuate.endpoint.jmx.EndpointMBeanExporter Line:678 - Located managed bean 'metricsEndpoint': registering with JMX server as MBean [org.springframework.boot:type=Endpoint,name=metricsEndpoint]
2017-12-23 17:45:41.705 INFO  --- [main] org.springframework.boot.actuate.endpoint.jmx.EndpointMBeanExporter Line:678 - Located managed bean 'traceEndpoint': registering with JMX server as MBean [org.springframework.boot:type=Endpoint,name=traceEndpoint]
2017-12-23 17:45:41.713 INFO  --- [main] org.springframework.boot.actuate.endpoint.jmx.EndpointMBeanExporter Line:678 - Located managed bean 'dumpEndpoint': registering with JMX server as MBean [org.springframework.boot:type=Endpoint,name=dumpEndpoint]
2017-12-23 17:45:41.720 INFO  --- [main] org.springframework.boot.actuate.endpoint.jmx.EndpointMBeanExporter Line:678 - Located managed bean 'autoConfigurationReportEndpoint': registering with JMX server as MBean [org.springframework.boot:type=Endpoint,name=autoConfigurationReportEndpoint]
2017-12-23 17:45:41.727 INFO  --- [main] org.springframework.boot.actuate.endpoint.jmx.EndpointMBeanExporter Line:678 - Located managed bean 'configurationPropertiesReportEndpoint': registering with JMX server as MBean [org.springframework.boot:type=Endpoint,name=configurationPropertiesReportEndpoint]
2017-12-23 17:45:41.739 INFO  --- [Thread-11] org.springframework.cloud.netflix.eureka.server.EurekaServerBootstrap Line:109 - Setting the eureka configuration..
2017-12-23 17:45:41.742 INFO  --- [main] org.springframework.context.support.DefaultLifecycleProcessor Line:343 - Starting beans in phase 2147483647
2017-12-23 17:45:41.744 INFO  --- [Thread-11] org.springframework.cloud.netflix.eureka.server.EurekaServerBootstrap Line:114 - Eureka data center value eureka.datacenter is not set, defaulting to default
2017-12-23 17:45:41.747 INFO  --- [Thread-11] org.springframework.cloud.netflix.eureka.server.EurekaServerBootstrap Line:128 - Eureka environment value eureka.environment is not set, defaulting to test
2017-12-23 17:45:41.766 INFO  --- [Thread-11] org.springframework.cloud.netflix.eureka.server.EurekaServerBootstrap Line:184 - isAws returned false
2017-12-23 17:45:41.769 INFO  --- [Thread-11] org.springframework.cloud.netflix.eureka.server.EurekaServerBootstrap Line:152 - Initialized server context
2017-12-23 17:45:41.864 INFO  --- [main] org.apache.coyote.http11.Http11NioProtocol Line:179 - Initializing ProtocolHandler ["http-nio-8080"]
2017-12-23 17:45:41.886 INFO  --- [main] org.apache.coyote.http11.Http11NioProtocol Line:179 - Starting ProtocolHandler ["http-nio-8080"]
2017-12-23 17:45:41.904 INFO  --- [main] org.apache.tomcat.util.net.NioSelectorPool Line:179 - Using a shared selector for servlet write/read
2017-12-23 17:45:41.937 INFO  --- [main] org.springframework.boot.context.embedded.tomcat.TomcatEmbeddedServletContainer Line:201 - Tomcat started on port(s): 8080 (http)
2017-12-23 17:45:41.947 INFO  --- [main] org.springframework.cloud.netflix.eureka.serviceregistry.EurekaAutoServiceRegistration Line:124 - Updating port to 8080
2017-12-23 17:45:41.968 INFO  --- [main] com.springboot.caoqing.CaoqingApplication Line:57  - Started CaoqingApplication in 46.081 seconds (JVM running for 49.125)
2017-12-23 17:45:41.971 INFO  --- [main] com.springboot.caoqing.CaoqingApplication Line:24  - server启动完成请开始你的表演。		*_*
2017-12-23 17:45:42.482 INFO  --- [http-nio-8080-exec-1] org.apache.catalina.core.ContainerBase.[Tomcat].[localhost].[/] Line:179 - Initializing Spring FrameworkServlet 'dispatcherServlet'
2017-12-23 17:45:42.487 INFO  --- [http-nio-8080-exec-1] org.springframework.web.servlet.DispatcherServlet Line:489 - FrameworkServlet 'dispatcherServlet': initialization started
2017-12-23 17:45:42.722 INFO  --- [http-nio-8080-exec-1] org.springframework.web.servlet.DispatcherServlet Line:508 - FrameworkServlet 'dispatcherServlet': initialization completed in 230 ms
2017-12-23 17:45:43.050 INFO  --- [http-nio-8080-exec-1] com.netflix.eureka.registry.AbstractInstanceRegistry Line:267 - Registered instance KUNFIND-SERVICE/USER-TS0VMPNAGP:kunfind-service:8080 with status UP (replication=false)
2017-12-23 17:45:43.177 INFO  --- [DiscoveryClient-InstanceInfoReplicator-0] com.netflix.discovery.DiscoveryClient Line:813 - DiscoveryClient_KUNFIND-SERVICE/USER-TS0VMPNAGP:kunfind-service:8080 - registration status: 204
2017-12-23 17:45:50.669 INFO  --- [RMI TCP Connection(2)-192.168.1.5] com.alibaba.druid.pool.DruidDataSource Line:667 - {dataSource-1} inited
2017-12-23 17:45:50.761 INFO  --- [RMI TCP Connection(2)-192.168.1.5] org.springframework.cloud.config.client.ConfigServicePropertySourceLocator Line:82  - Fetching config from server at: http://localhost:8888
2017-12-23 17:46:02.646 INFO  --- [DiscoveryClient-CacheRefreshExecutor-0] com.netflix.discovery.DiscoveryClient Line:929 - Disable delta property : false
2017-12-23 17:46:02.650 INFO  --- [DiscoveryClient-CacheRefreshExecutor-0] com.netflix.discovery.DiscoveryClient Line:930 - Single vip registry refresh property : null
2017-12-23 17:46:02.652 INFO  --- [DiscoveryClient-CacheRefreshExecutor-0] com.netflix.discovery.DiscoveryClient Line:931 - Force full registry fetch : false
2017-12-23 17:46:02.655 INFO  --- [DiscoveryClient-CacheRefreshExecutor-0] com.netflix.discovery.DiscoveryClient Line:932 - Application is null : false
2017-12-23 17:46:02.658 INFO  --- [DiscoveryClient-CacheRefreshExecutor-0] com.netflix.discovery.DiscoveryClient Line:933 - Registered Applications size is zero : true
2017-12-23 17:46:02.662 INFO  --- [DiscoveryClient-CacheRefreshExecutor-0] com.netflix.discovery.DiscoveryClient Line:935 - Application version is -1: true
2017-12-23 17:46:02.666 INFO  --- [DiscoveryClient-CacheRefreshExecutor-0] com.netflix.discovery.DiscoveryClient Line:1018 - Getting all instance registry info from the eureka server
2017-12-23 17:46:02.858 INFO  --- [DiscoveryClient-CacheRefreshExecutor-0] com.netflix.discovery.DiscoveryClient Line:1027 - The response status is 200
2017-12-23 17:46:11.883 INFO  --- [Thread-11] com.netflix.eureka.registry.AbstractInstanceRegistry Line:267 - Registered instance KUNFIND-SERVICE/USER-TS0VMPNAGP:kunfind-service:8080 with status UP (replication=true)
2017-12-23 17:46:11.885 INFO  --- [Thread-11] com.netflix.eureka.registry.PeerAwareInstanceRegistryImpl Line:242 - Got 1 instances from neighboring DS node
2017-12-23 17:46:11.888 INFO  --- [Thread-11] com.netflix.eureka.registry.PeerAwareInstanceRegistryImpl Line:243 - Renew threshold is: 1
2017-12-23 17:46:11.890 INFO  --- [Thread-11] com.netflix.eureka.registry.PeerAwareInstanceRegistryImpl Line:254 - Changing status to UP
2017-12-23 17:46:11.896 INFO  --- [Thread-11] org.springframework.cloud.netflix.eureka.server.EurekaServerInitializerConfiguration Line:72  - Started Eureka Server
