2017-12-23 17:41:59.014 WARN  --- [main] org.springframework.cloud.config.client.ConfigServicePropertySourceLocator Line:136 - Could not locate PropertySource: I/O error on GET request for "http://localhost:8888/kunfind-service/default": Connection refused: connect; nested exception is java.net.ConnectException: Connection refused: connect
2017-12-23 17:42:17.914 WARN  --- [main] com.netflix.config.sources.URLConfigurationSource Line:121 - No URLs will be polled as dynamic configuration sources.
2017-12-23 17:42:17.926 WARN  --- [main] com.netflix.config.sources.URLConfigurationSource Line:121 - No URLs will be polled as dynamic configuration sources.
2017-12-23 17:42:28.354 WARN  --- [main] org.springframework.boot.starter.redis.RedisStarterDeprecationWarningAutoConfiguration Line:43  - spring-boot-starter-redis is deprecated as of Spring Boot 1.4, please migrate to spring-boot-starter-data-redis
2017-12-23 17:42:32.168 WARN  --- [main] com.netflix.discovery.shared.transport.decorator.RetryableEurekaHttpClient Line:129 - Request execution failed with message: java.net.ConnectException: Connection refused: connect
2017-12-23 17:42:32.198 WARN  --- [main] com.netflix.discovery.DiscoveryClient Line:288 - Using default backup registry implementation which does not do anything.
2017-12-23 17:42:32.367 WARN  --- [main] com.netflix.eureka.cluster.PeerEurekaNodes Line:156 - The replica size seems to be empty. Check the route 53 DNS Registry
2017-12-23 17:42:32.616 WARN  --- [main] org.springframework.cloud.starter.eureka.EurekaStarterDeprecationWarningAutoConfiguration Line:19  - spring-cloud-starter-eureka is deprecated as of Spring Cloud Netflix 1.4.0, please migrate to spring-cloud-starter-netflix-eureka
2017-12-23 17:42:32.647 WARN  --- [main] org.springframework.cloud.starter.eureka.server.EurekaServerStarterDeprecationWarningAutoConfiguration Line:19  - spring-cloud-starter-eureka-server is deprecated as of Spring Cloud Netflix 1.4.0, please migrate to spring-cloud-starter-netflix-eureka-server
2017-12-23 17:42:47.554 WARN  --- [RMI TCP Connection(12)-192.168.1.5] org.springframework.boot.actuate.health.RabbitHealthIndicator Line:46  - Health check failed
org.springframework.amqp.AmqpConnectException: java.net.ConnectException: Connection refused: connect
	at org.springframework.amqp.rabbit.support.RabbitExceptionTranslator.convertRabbitAccessException(RabbitExceptionTranslator.java:62)
	at org.springframework.amqp.rabbit.connection.AbstractConnectionFactory.createBareConnection(AbstractConnectionFactory.java:368)
	at org.springframework.amqp.rabbit.connection.CachingConnectionFactory.createConnection(CachingConnectionFactory.java:573)
	at org.springframework.amqp.rabbit.core.RabbitTemplate.doExecute(RabbitTemplate.java:1430)
	at org.springframework.amqp.rabbit.core.RabbitTemplate.execute(RabbitTemplate.java:1411)
	at org.springframework.amqp.rabbit.core.RabbitTemplate.execute(RabbitTemplate.java:1387)
	at org.springframework.boot.actuate.health.RabbitHealthIndicator.getVersion(RabbitHealthIndicator.java:49)
	at org.springframework.boot.actuate.health.RabbitHealthIndicator.doHealthCheck(RabbitHealthIndicator.java:45)
	at org.springframework.boot.actuate.health.AbstractHealthIndicator.health(AbstractHealthIndicator.java:43)
	at org.springframework.boot.actuate.health.CompositeHealthIndicator.health(CompositeHealthIndicator.java:68)
	at org.springframework.boot.actuate.endpoint.HealthEndpoint.invoke(HealthEndpoint.java:85)
	at org.springframework.boot.actuate.endpoint.HealthEndpoint.invoke(HealthEndpoint.java:35)
	at org.springframework.boot.actuate.endpoint.jmx.DataEndpointMBean.getData(DataEndpointMBean.java:46)
	at java.base/jdk.internal.reflect.NativeMethodAccessorImpl.invoke0(Native Method)
	at java.base/jdk.internal.reflect.NativeMethodAccessorImpl.invoke(NativeMethodAccessorImpl.java:62)
	at java.base/jdk.internal.reflect.DelegatingMethodAccessorImpl.invoke(DelegatingMethodAccessorImpl.java:43)
	at java.base/java.lang.reflect.Method.invoke(Method.java:564)
	at sun.reflect.misc.Trampoline.invoke(MethodUtil.java:71)
	at jdk.internal.reflect.GeneratedMethodAccessor88.invoke(Unknown Source)
	at java.base/jdk.internal.reflect.DelegatingMethodAccessorImpl.invoke(DelegatingMethodAccessorImpl.java:43)
	at java.base/java.lang.reflect.Method.invoke(Method.java:564)
	at java.base/sun.reflect.misc.MethodUtil.invoke(MethodUtil.java:260)
	at java.management/javax.management.modelmbean.RequiredModelMBean$4.run(RequiredModelMBean.java:1173)
	at java.base/java.security.AccessController.doPrivileged(Native Method)
	at java.base/java.security.ProtectionDomain$JavaSecurityAccessImpl.doIntersectionPrivilege(ProtectionDomain.java:89)
	at java.management/javax.management.modelmbean.RequiredModelMBean.invokeMethod(RequiredModelMBean.java:1167)
	at java.management/javax.management.modelmbean.RequiredModelMBean.invoke(RequiredModelMBean.java:1014)
	at org.springframework.jmx.export.SpringModelMBean.invoke(SpringModelMBean.java:90)
	at java.management/javax.management.modelmbean.RequiredModelMBean.getAttribute(RequiredModelMBean.java:1475)
	at org.springframework.jmx.export.SpringModelMBean.getAttribute(SpringModelMBean.java:109)
	at java.management/com.sun.jmx.interceptor.DefaultMBeanServerInterceptor.getAttribute(DefaultMBeanServerInterceptor.java:641)
	at java.management/com.sun.jmx.mbeanserver.JmxMBeanServer.getAttribute(JmxMBeanServer.java:678)
	at java.management.rmi/javax.management.remote.rmi.RMIConnectionImpl.doOperation(RMIConnectionImpl.java:1443)
	at java.management.rmi/javax.management.remote.rmi.RMIConnectionImpl.access$300(RMIConnectionImpl.java:75)
	at java.management.rmi/javax.management.remote.rmi.RMIConnectionImpl$PrivilegedOperation.run(RMIConnectionImpl.java:1307)
	at java.management.rmi/javax.management.remote.rmi.RMIConnectionImpl.doPrivilegedOperation(RMIConnectionImpl.java:1399)
	at java.management.rmi/javax.management.remote.rmi.RMIConnectionImpl.getAttribute(RMIConnectionImpl.java:637)
	at java.base/jdk.internal.reflect.GeneratedMethodAccessor27.invoke(Unknown Source)
	at java.base/jdk.internal.reflect.DelegatingMethodAccessorImpl.invoke(DelegatingMethodAccessorImpl.java:43)
	at java.base/java.lang.reflect.Method.invoke(Method.java:564)
	at java.rmi/sun.rmi.server.UnicastServerRef.dispatch(UnicastServerRef.java:355)
	at java.rmi/sun.rmi.transport.Transport$1.run(Transport.java:200)
	at java.rmi/sun.rmi.transport.Transport$1.run(Transport.java:197)
	at java.base/java.security.AccessController.doPrivileged(Native Method)
	at java.rmi/sun.rmi.transport.Transport.serviceCall(Transport.java:196)
	at java.rmi/sun.rmi.transport.tcp.TCPTransport.handleMessages(TCPTransport.java:567)
	at java.rmi/sun.rmi.transport.tcp.TCPTransport$ConnectionHandler.run0(TCPTransport.java:800)
	at java.rmi/sun.rmi.transport.tcp.TCPTransport$ConnectionHandler.lambda$run$0(TCPTransport.java:682)
	at java.base/java.security.AccessController.doPrivileged(Native Method)
	at java.rmi/sun.rmi.transport.tcp.TCPTransport$ConnectionHandler.run(TCPTransport.java:681)
	at java.base/java.util.concurrent.ThreadPoolExecutor.runWorker(ThreadPoolExecutor.java:1167)
	at java.base/java.util.concurrent.ThreadPoolExecutor$Worker.run(ThreadPoolExecutor.java:641)
	at java.base/java.lang.Thread.run(Thread.java:844)
Caused by: java.net.ConnectException: Connection refused: connect
	at java.base/java.net.DualStackPlainSocketImpl.waitForConnect(Native Method)
	at java.base/java.net.DualStackPlainSocketImpl.socketConnect(DualStackPlainSocketImpl.java:85)
	at java.base/java.net.AbstractPlainSocketImpl.doConnect(AbstractPlainSocketImpl.java:400)
	at java.base/java.net.AbstractPlainSocketImpl.connectToAddress(AbstractPlainSocketImpl.java:243)
	at java.base/java.net.AbstractPlainSocketImpl.connect(AbstractPlainSocketImpl.java:225)
	at java.base/java.net.PlainSocketImpl.connect(PlainSocketImpl.java:148)
	at java.base/java.net.SocksSocketImpl.connect(SocksSocketImpl.java:402)
	at java.base/java.net.Socket.connect(Socket.java:591)
	at com.rabbitmq.client.impl.SocketFrameHandlerFactory.create(SocketFrameHandlerFactory.java:50)
	at com.rabbitmq.client.ConnectionFactory.newConnection(ConnectionFactory.java:907)
	at com.rabbitmq.client.ConnectionFactory.newConnection(ConnectionFactory.java:859)
	at com.rabbitmq.client.ConnectionFactory.newConnection(ConnectionFactory.java:799)
	at org.springframework.amqp.rabbit.connection.AbstractConnectionFactory.createBareConnection(AbstractConnectionFactory.java:352)
	... 51 common frames omitted
2017-12-23 17:42:48.721 WARN  --- [RMI TCP Connection(12)-192.168.1.5] org.springframework.cloud.config.client.ConfigServicePropertySourceLocator Line:136 - Could not locate PropertySource: I/O error on GET request for "http://localhost:8888/kunfind-service/default": Connection refused: connect; nested exception is java.net.ConnectException: Connection refused: connect
2017-12-23 17:45:00.303 WARN  --- [main] org.springframework.cloud.config.client.ConfigServicePropertySourceLocator Line:136 - Could not locate PropertySource: I/O error on GET request for "http://localhost:8888/kunfind-service/default": Connection refused: connect; nested exception is java.net.ConnectException: Connection refused: connect
2017-12-23 17:45:17.735 WARN  --- [main] com.netflix.config.sources.URLConfigurationSource Line:121 - No URLs will be polled as dynamic configuration sources.
2017-12-23 17:45:17.747 WARN  --- [main] com.netflix.config.sources.URLConfigurationSource Line:121 - No URLs will be polled as dynamic configuration sources.
2017-12-23 17:45:28.856 WARN  --- [main] org.springframework.boot.starter.redis.RedisStarterDeprecationWarningAutoConfiguration Line:43  - spring-boot-starter-redis is deprecated as of Spring Boot 1.4, please migrate to spring-boot-starter-data-redis
2017-12-23 17:45:32.613 WARN  --- [main] com.netflix.discovery.shared.transport.decorator.RetryableEurekaHttpClient Line:129 - Request execution failed with message: java.net.ConnectException: Connection refused: connect
2017-12-23 17:45:32.640 WARN  --- [main] com.netflix.discovery.DiscoveryClient Line:288 - Using default backup registry implementation which does not do anything.
2017-12-23 17:45:32.791 WARN  --- [main] com.netflix.eureka.cluster.PeerEurekaNodes Line:156 - The replica size seems to be empty. Check the route 53 DNS Registry
2017-12-23 17:45:33.047 WARN  --- [main] org.springframework.cloud.starter.eureka.EurekaStarterDeprecationWarningAutoConfiguration Line:19  - spring-cloud-starter-eureka is deprecated as of Spring Cloud Netflix 1.4.0, please migrate to spring-cloud-starter-netflix-eureka
2017-12-23 17:45:33.075 WARN  --- [main] org.springframework.cloud.starter.eureka.server.EurekaServerStarterDeprecationWarningAutoConfiguration Line:19  - spring-cloud-starter-eureka-server is deprecated as of Spring Cloud Netflix 1.4.0, please migrate to spring-cloud-starter-netflix-eureka-server
2017-12-23 17:45:50.584 WARN  --- [RMI TCP Connection(2)-192.168.1.5] org.springframework.boot.actuate.health.RabbitHealthIndicator Line:46  - Health check failed
org.springframework.amqp.AmqpConnectException: java.net.ConnectException: Connection refused: connect
	at org.springframework.amqp.rabbit.support.RabbitExceptionTranslator.convertRabbitAccessException(RabbitExceptionTranslator.java:62)
	at org.springframework.amqp.rabbit.connection.AbstractConnectionFactory.createBareConnection(AbstractConnectionFactory.java:368)
	at org.springframework.amqp.rabbit.connection.CachingConnectionFactory.createConnection(CachingConnectionFactory.java:573)
	at org.springframework.amqp.rabbit.core.RabbitTemplate.doExecute(RabbitTemplate.java:1430)
	at org.springframework.amqp.rabbit.core.RabbitTemplate.execute(RabbitTemplate.java:1411)
	at org.springframework.amqp.rabbit.core.RabbitTemplate.execute(RabbitTemplate.java:1387)
	at org.springframework.boot.actuate.health.RabbitHealthIndicator.getVersion(RabbitHealthIndicator.java:49)
	at org.springframework.boot.actuate.health.RabbitHealthIndicator.doHealthCheck(RabbitHealthIndicator.java:45)
	at org.springframework.boot.actuate.health.AbstractHealthIndicator.health(AbstractHealthIndicator.java:43)
	at org.springframework.boot.actuate.health.CompositeHealthIndicator.health(CompositeHealthIndicator.java:68)
	at org.springframework.boot.actuate.endpoint.HealthEndpoint.invoke(HealthEndpoint.java:85)
	at org.springframework.boot.actuate.endpoint.HealthEndpoint.invoke(HealthEndpoint.java:35)
	at org.springframework.boot.actuate.endpoint.jmx.DataEndpointMBean.getData(DataEndpointMBean.java:46)
	at java.base/jdk.internal.reflect.NativeMethodAccessorImpl.invoke0(Native Method)
	at java.base/jdk.internal.reflect.NativeMethodAccessorImpl.invoke(NativeMethodAccessorImpl.java:62)
	at java.base/jdk.internal.reflect.DelegatingMethodAccessorImpl.invoke(DelegatingMethodAccessorImpl.java:43)
	at java.base/java.lang.reflect.Method.invoke(Method.java:564)
	at sun.reflect.misc.Trampoline.invoke(MethodUtil.java:71)
	at jdk.internal.reflect.GeneratedMethodAccessor88.invoke(Unknown Source)
	at java.base/jdk.internal.reflect.DelegatingMethodAccessorImpl.invoke(DelegatingMethodAccessorImpl.java:43)
	at java.base/java.lang.reflect.Method.invoke(Method.java:564)
	at java.base/sun.reflect.misc.MethodUtil.invoke(MethodUtil.java:260)
	at java.management/javax.management.modelmbean.RequiredModelMBean$4.run(RequiredModelMBean.java:1173)
	at java.base/java.security.AccessController.doPrivileged(Native Method)
	at java.base/java.security.ProtectionDomain$JavaSecurityAccessImpl.doIntersectionPrivilege(ProtectionDomain.java:89)
	at java.management/javax.management.modelmbean.RequiredModelMBean.invokeMethod(RequiredModelMBean.java:1167)
	at java.management/javax.management.modelmbean.RequiredModelMBean.invoke(RequiredModelMBean.java:1014)
	at org.springframework.jmx.export.SpringModelMBean.invoke(SpringModelMBean.java:90)
	at java.management/javax.management.modelmbean.RequiredModelMBean.getAttribute(RequiredModelMBean.java:1475)
	at org.springframework.jmx.export.SpringModelMBean.getAttribute(SpringModelMBean.java:109)
	at java.management/com.sun.jmx.interceptor.DefaultMBeanServerInterceptor.getAttribute(DefaultMBeanServerInterceptor.java:641)
	at java.management/com.sun.jmx.mbeanserver.JmxMBeanServer.getAttribute(JmxMBeanServer.java:678)
	at java.management.rmi/javax.management.remote.rmi.RMIConnectionImpl.doOperation(RMIConnectionImpl.java:1443)
	at java.management.rmi/javax.management.remote.rmi.RMIConnectionImpl.access$300(RMIConnectionImpl.java:75)
	at java.management.rmi/javax.management.remote.rmi.RMIConnectionImpl$PrivilegedOperation.run(RMIConnectionImpl.java:1307)
	at java.management.rmi/javax.management.remote.rmi.RMIConnectionImpl.doPrivilegedOperation(RMIConnectionImpl.java:1399)
	at java.management.rmi/javax.management.remote.rmi.RMIConnectionImpl.getAttribute(RMIConnectionImpl.java:637)
	at java.base/jdk.internal.reflect.GeneratedMethodAccessor27.invoke(Unknown Source)
	at java.base/jdk.internal.reflect.DelegatingMethodAccessorImpl.invoke(DelegatingMethodAccessorImpl.java:43)
	at java.base/java.lang.reflect.Method.invoke(Method.java:564)
	at java.rmi/sun.rmi.server.UnicastServerRef.dispatch(UnicastServerRef.java:355)
	at java.rmi/sun.rmi.transport.Transport$1.run(Transport.java:200)
	at java.rmi/sun.rmi.transport.Transport$1.run(Transport.java:197)
	at java.base/java.security.AccessController.doPrivileged(Native Method)
	at java.rmi/sun.rmi.transport.Transport.serviceCall(Transport.java:196)
	at java.rmi/sun.rmi.transport.tcp.TCPTransport.handleMessages(TCPTransport.java:567)
	at java.rmi/sun.rmi.transport.tcp.TCPTransport$ConnectionHandler.run0(TCPTransport.java:800)
	at java.rmi/sun.rmi.transport.tcp.TCPTransport$ConnectionHandler.lambda$run$0(TCPTransport.java:682)
	at java.base/java.security.AccessController.doPrivileged(Native Method)
	at java.rmi/sun.rmi.transport.tcp.TCPTransport$ConnectionHandler.run(TCPTransport.java:681)
	at java.base/java.util.concurrent.ThreadPoolExecutor.runWorker(ThreadPoolExecutor.java:1167)
	at java.base/java.util.concurrent.ThreadPoolExecutor$Worker.run(ThreadPoolExecutor.java:641)
	at java.base/java.lang.Thread.run(Thread.java:844)
Caused by: java.net.ConnectException: Connection refused: connect
	at java.base/java.net.DualStackPlainSocketImpl.waitForConnect(Native Method)
	at java.base/java.net.DualStackPlainSocketImpl.socketConnect(DualStackPlainSocketImpl.java:85)
	at java.base/java.net.AbstractPlainSocketImpl.doConnect(AbstractPlainSocketImpl.java:400)
	at java.base/java.net.AbstractPlainSocketImpl.connectToAddress(AbstractPlainSocketImpl.java:243)
	at java.base/java.net.AbstractPlainSocketImpl.connect(AbstractPlainSocketImpl.java:225)
	at java.base/java.net.PlainSocketImpl.connect(PlainSocketImpl.java:148)
	at java.base/java.net.SocksSocketImpl.connect(SocksSocketImpl.java:402)
	at java.base/java.net.Socket.connect(Socket.java:591)
	at com.rabbitmq.client.impl.SocketFrameHandlerFactory.create(SocketFrameHandlerFactory.java:50)
	at com.rabbitmq.client.ConnectionFactory.newConnection(ConnectionFactory.java:907)
	at com.rabbitmq.client.ConnectionFactory.newConnection(ConnectionFactory.java:859)
	at com.rabbitmq.client.ConnectionFactory.newConnection(ConnectionFactory.java:799)
	at org.springframework.amqp.rabbit.connection.AbstractConnectionFactory.createBareConnection(AbstractConnectionFactory.java:352)
	... 51 common frames omitted
2017-12-23 17:45:51.784 WARN  --- [RMI TCP Connection(2)-192.168.1.5] org.springframework.cloud.config.client.ConfigServicePropertySourceLocator Line:136 - Could not locate PropertySource: I/O error on GET request for "http://localhost:8888/kunfind-service/default": Connection refused: connect; nested exception is java.net.ConnectException: Connection refused: connect
